<?xml version="1.0" encoding="utf-8"?>
<CoverageSession xmlns:xsd="http://www.w3.org/2001/XMLSchema" xmlns:xsi="http://www.w3.org/2001/XMLSchema-instance" Version="4.6.0.0">
  <Summary numSequencePoints="548" visitedSequencePoints="548" numBranchPoints="152" visitedBranchPoints="152" sequenceCoverage="100" branchCoverage="100" maxCyclomaticComplexity="4" minCyclomaticComplexity="1" maxCrapScore="4" minCrapScore="1" visitedClasses="22" numClasses="22" visitedMethods="132" numMethods="132" />
  <Modules>
    <Module hash="F6-D7-70-DD-41-35-FB-00-E4-52-4B-22-41-BF-8C-87-09-FA-B2-13">
      <Summary numSequencePoints="204" visitedSequencePoints="204" numBranchPoints="48" visitedBranchPoints="48" sequenceCoverage="100" branchCoverage="100" maxCyclomaticComplexity="1" minCyclomaticComplexity="1" maxCrapScore="2" minCrapScore="1" visitedClasses="2" numClasses="2" visitedMethods="48" numMethods="48" />
      <ModulePath>C:\Users\Bruni\Desktop\Recuperacao\DonaLaura\DonaLaura.App.Tests\bin\Debug\DonaLaura.App.Tests.dll</ModulePath>
      <ModuleTime>2018-05-16T01:30:03.9698044Z</ModuleTime>
      <ModuleName>DonaLaura.App.Tests</ModuleName>
      <Files>
        <File uid="1" fullPath="C:\Users\Bruni\Desktop\Recuperacao\DonaLaura\DonaLaura.App.Tests\Features\Sales\SaleServiceTests.cs" />
        <File uid="2" fullPath="C:\Users\Bruni\Desktop\Recuperacao\DonaLaura\DonaLaura.App.Tests\Features\Products\ProductServiceTests.cs" />
      </Files>
      <Classes>
        <Class>
          <Summary numSequencePoints="109" visitedSequencePoints="109" numBranchPoints="24" visitedBranchPoints="24" sequenceCoverage="100" branchCoverage="100" maxCyclomaticComplexity="1" minCyclomaticComplexity="1" maxCrapScore="2" minCrapScore="1" visitedClasses="1" numClasses="1" visitedMethods="24" numMethods="24" />
          <FullName>DonaLaura.App.Tests.Features.Sales.SaleServiceTests</FullName>
          <Methods>
            <Method visited="true" cyclomaticComplexity="1" nPathComplexity="0" sequenceCoverage="100" branchCoverage="100" crapScore="1" isConstructor="false" isStatic="false" isGetter="false" isSetter="false">
              <Summary numSequencePoints="9" visitedSequencePoints="9" numBranchPoints="1" visitedBranchPoints="1" sequenceCoverage="100" branchCoverage="100" maxCyclomaticComplexity="1" minCyclomaticComplexity="1" maxCrapScore="1" minCrapScore="1" visitedClasses="0" numClasses="0" visitedMethods="1" numMethods="1" />
              <MetadataToken>100663297</MetadataToken>
              <Name>System.Void DonaLaura.App.Tests.Features.Sales.SaleServiceTests::SetUp()</Name>
              <FileRef uid="1" />
              <SequencePoints>
                <SequencePoint vc="13" uspid="1" ordinal="0" offset="0" sl="30" sc="9" el="30" ec="10" bec="0" bev="0" fileid="1" />
                <SequencePoint vc="13" uspid="2" ordinal="1" offset="1" sl="31" sc="13" el="31" ec="32" bec="0" bev="0" fileid="1" />
                <SequencePoint vc="13" uspid="3" ordinal="2" offset="12" sl="32" sc="13" el="32" ec="40" bec="0" bev="0" fileid="1" />
                <SequencePoint vc="13" uspid="4" ordinal="3" offset="23" sl="33" sc="13" el="33" ec="55" bec="0" bev="0" fileid="1" />
                <SequencePoint vc="13" uspid="5" ordinal="4" offset="34" sl="34" sc="13" el="34" ec="60" bec="0" bev="0" fileid="1" />
                <SequencePoint vc="13" uspid="6" ordinal="5" offset="56" sl="35" sc="13" el="35" ec="44" bec="0" bev="0" fileid="1" />
                <SequencePoint vc="13" uspid="7" ordinal="6" offset="67" sl="36" sc="13" el="36" ec="42" bec="0" bev="0" fileid="1" />
                <SequencePoint vc="13" uspid="8" ordinal="7" offset="78" sl="37" sc="13" el="37" ec="50" bec="0" bev="0" fileid="1" />
                <SequencePoint vc="13" uspid="9" ordinal="8" offset="89" sl="38" sc="9" el="38" ec="10" bec="0" bev="0" fileid="1" />
              </SequencePoints>
              <BranchPoints />
              <MethodPoint xsi:type="SequencePoint" vc="13" uspid="1" ordinal="0" offset="0" sl="30" sc="9" el="30" ec="10" bec="0" bev="0" fileid="1" />
            </Method>
            <Method visited="true" cyclomaticComplexity="1" nPathComplexity="0" sequenceCoverage="100" branchCoverage="100" crapScore="1" isConstructor="false" isStatic="false" isGetter="false" isSetter="false">
              <Summary numSequencePoints="8" visitedSequencePoints="8" numBranchPoints="1" visitedBranchPoints="1" sequenceCoverage="100" branchCoverage="100" maxCyclomaticComplexity="1" minCyclomaticComplexity="1" maxCrapScore="1" minCrapScore="1" visitedClasses="0" numClasses="0" visitedMethods="1" numMethods="1" />
              <MetadataToken>100663298</MetadataToken>
              <Name>System.Void DonaLaura.App.Tests.Features.Sales.SaleServiceTests::SaleService_Add_ShouldBeOk()</Name>
              <FileRef uid="1" />
              <SequencePoints>
                <SequencePoint vc="1" uspid="10" ordinal="0" offset="0" sl="42" sc="9" el="42" ec="10" bec="0" bev="0" fileid="1" />
                <SequencePoint vc="1" uspid="11" ordinal="1" offset="1" sl="43" sc="13" el="43" ec="59" bec="0" bev="0" fileid="1" />
                <SequencePoint vc="1" uspid="12" ordinal="2" offset="23" sl="44" sc="13" el="44" ec="65" bec="0" bev="0" fileid="1" />
                <SequencePoint vc="1" uspid="13" ordinal="3" offset="143" sl="46" sc="13" el="46" ec="49" bec="0" bev="0" fileid="1" />
                <SequencePoint vc="1" uspid="14" ordinal="4" offset="166" sl="48" sc="13" el="48" ec="48" bec="0" bev="0" fileid="1" />
                <SequencePoint vc="1" uspid="15" ordinal="5" offset="193" sl="49" sc="13" el="49" ec="52" bec="0" bev="0" fileid="1" />
                <SequencePoint vc="1" uspid="16" ordinal="6" offset="236" sl="50" sc="13" el="50" ec="60" bec="0" bev="0" fileid="1" />
                <SequencePoint vc="1" uspid="17" ordinal="7" offset="279" sl="51" sc="9" el="51" ec="10" bec="0" bev="0" fileid="1" />
              </SequencePoints>
              <BranchPoints />
              <MethodPoint xsi:type="SequencePoint" vc="1" uspid="10" ordinal="0" offset="0" sl="42" sc="9" el="42" ec="10" bec="0" bev="0" fileid="1" />
            </Method>
            <Method visited="true" cyclomaticComplexity="1" nPathComplexity="0" sequenceCoverage="100" branchCoverage="100" crapScore="1" isConstructor="false" isStatic="false" isGetter="false" isSetter="false">
              <Summary numSequencePoints="6" visitedSequencePoints="6" numBranchPoints="1" visitedBranchPoints="1" sequenceCoverage="100" branchCoverage="100" maxCyclomaticComplexity="1" minCyclomaticComplexity="1" maxCrapScore="1" minCrapScore="1" visitedClasses="0" numClasses="0" visitedMethods="1" numMethods="1" />
              <MetadataToken>100663299</MetadataToken>
              <Name>System.Void DonaLaura.App.Tests.Features.Sales.SaleServiceTests::SaleService_AddEmptyClient_ShouldFail()</Name>
              <FileRef uid="1" />
              <SequencePoints>
                <SequencePoint vc="1" uspid="18" ordinal="0" offset="0" sl="55" sc="9" el="55" ec="10" bec="0" bev="0" fileid="1" />
                <SequencePoint vc="1" uspid="19" ordinal="1" offset="1" sl="56" sc="13" el="56" ec="70" bec="0" bev="0" fileid="1" />
                <SequencePoint vc="1" uspid="20" ordinal="2" offset="23" sl="58" sc="13" el="58" ec="52" bec="0" bev="0" fileid="1" />
                <SequencePoint vc="1" uspid="21" ordinal="3" offset="36" sl="60" sc="13" el="60" ec="61" bec="0" bev="0" fileid="1" />
                <SequencePoint vc="1" uspid="22" ordinal="4" offset="58" sl="61" sc="13" el="61" ec="46" bec="0" bev="0" fileid="1" />
                <SequencePoint vc="1" uspid="23" ordinal="5" offset="70" sl="62" sc="9" el="62" ec="10" bec="0" bev="0" fileid="1" />
              </SequencePoints>
              <BranchPoints />
              <MethodPoint xsi:type="SequencePoint" vc="1" uspid="18" ordinal="0" offset="0" sl="55" sc="9" el="55" ec="10" bec="0" bev="0" fileid="1" />
            </Method>
            <Method visited="true" cyclomaticComplexity="1" nPathComplexity="0" sequenceCoverage="100" branchCoverage="100" crapScore="1" isConstructor="false" isStatic="false" isGetter="false" isSetter="false">
              <Summary numSequencePoints="6" visitedSequencePoints="6" numBranchPoints="1" visitedBranchPoints="1" sequenceCoverage="100" branchCoverage="100" maxCyclomaticComplexity="1" minCyclomaticComplexity="1" maxCrapScore="1" minCrapScore="1" visitedClasses="0" numClasses="0" visitedMethods="1" numMethods="1" />
              <MetadataToken>100663300</MetadataToken>
              <Name>System.Void DonaLaura.App.Tests.Features.Sales.SaleServiceTests::SaleSeervice_AddEmptyProduct_ShouldFail()</Name>
              <FileRef uid="1" />
              <SequencePoints>
                <SequencePoint vc="1" uspid="24" ordinal="0" offset="0" sl="66" sc="9" el="66" ec="10" bec="0" bev="0" fileid="1" />
                <SequencePoint vc="1" uspid="25" ordinal="1" offset="1" sl="67" sc="13" el="67" ec="60" bec="0" bev="0" fileid="1" />
                <SequencePoint vc="1" uspid="26" ordinal="2" offset="12" sl="69" sc="13" el="69" ec="52" bec="0" bev="0" fileid="1" />
                <SequencePoint vc="1" uspid="27" ordinal="3" offset="25" sl="71" sc="13" el="71" ec="71" bec="0" bev="0" fileid="1" />
                <SequencePoint vc="1" uspid="28" ordinal="4" offset="47" sl="72" sc="13" el="72" ec="46" bec="0" bev="0" fileid="1" />
                <SequencePoint vc="1" uspid="29" ordinal="5" offset="59" sl="73" sc="9" el="73" ec="10" bec="0" bev="0" fileid="1" />
              </SequencePoints>
              <BranchPoints />
              <MethodPoint xsi:type="SequencePoint" vc="1" uspid="24" ordinal="0" offset="0" sl="66" sc="9" el="66" ec="10" bec="0" bev="0" fileid="1" />
            </Method>
            <Method visited="true" cyclomaticComplexity="1" nPathComplexity="0" sequenceCoverage="100" branchCoverage="100" crapScore="1" isConstructor="false" isStatic="false" isGetter="false" isSetter="false">
              <Summary numSequencePoints="5" visitedSequencePoints="5" numBranchPoints="1" visitedBranchPoints="1" sequenceCoverage="100" branchCoverage="100" maxCyclomaticComplexity="1" minCyclomaticComplexity="1" maxCrapScore="1" minCrapScore="1" visitedClasses="0" numClasses="0" visitedMethods="1" numMethods="1" />
              <MetadataToken>100663301</MetadataToken>
              <Name>System.Void DonaLaura.App.Tests.Features.Sales.SaleServiceTests::SaleService_AddEmptyAmount_ShouldFail()</Name>
              <FileRef uid="1" />
              <SequencePoints>
                <SequencePoint vc="1" uspid="30" ordinal="0" offset="0" sl="77" sc="9" el="77" ec="10" bec="0" bev="0" fileid="1" />
                <SequencePoint vc="1" uspid="31" ordinal="1" offset="1" sl="78" sc="13" el="78" ec="70" bec="0" bev="0" fileid="1" />
                <SequencePoint vc="1" uspid="32" ordinal="2" offset="23" sl="80" sc="13" el="80" ec="52" bec="0" bev="0" fileid="1" />
                <SequencePoint vc="1" uspid="33" ordinal="3" offset="36" sl="82" sc="13" el="82" ec="66" bec="0" bev="0" fileid="1" />
                <SequencePoint vc="1" uspid="34" ordinal="4" offset="58" sl="83" sc="9" el="83" ec="10" bec="0" bev="0" fileid="1" />
              </SequencePoints>
              <BranchPoints />
              <MethodPoint xsi:type="SequencePoint" vc="1" uspid="30" ordinal="0" offset="0" sl="77" sc="9" el="77" ec="10" bec="0" bev="0" fileid="1" />
            </Method>
            <Method visited="true" cyclomaticComplexity="1" nPathComplexity="0" sequenceCoverage="100" branchCoverage="100" crapScore="1" isConstructor="false" isStatic="false" isGetter="false" isSetter="false">
              <Summary numSequencePoints="9" visitedSequencePoints="9" numBranchPoints="1" visitedBranchPoints="1" sequenceCoverage="100" branchCoverage="100" maxCyclomaticComplexity="1" minCyclomaticComplexity="1" maxCrapScore="1" minCrapScore="1" visitedClasses="0" numClasses="0" visitedMethods="1" numMethods="1" />
              <MetadataToken>100663302</MetadataToken>
              <Name>System.Void DonaLaura.App.Tests.Features.Sales.SaleServiceTests::SaleService_Update_ShoudlBeOk()</Name>
              <FileRef uid="1" />
              <SequencePoints>
                <SequencePoint vc="1" uspid="35" ordinal="0" offset="0" sl="87" sc="9" el="87" ec="10" bec="0" bev="0" fileid="1" />
                <SequencePoint vc="1" uspid="36" ordinal="1" offset="1" sl="88" sc="13" el="88" ec="59" bec="0" bev="0" fileid="1" />
                <SequencePoint vc="1" uspid="37" ordinal="2" offset="23" sl="89" sc="13" el="89" ec="45" bec="0" bev="0" fileid="1" />
                <SequencePoint vc="1" uspid="38" ordinal="3" offset="40" sl="90" sc="13" el="90" ec="68" bec="0" bev="0" fileid="1" />
                <SequencePoint vc="1" uspid="39" ordinal="4" offset="160" sl="92" sc="13" el="92" ec="52" bec="0" bev="0" fileid="1" />
                <SequencePoint vc="1" uspid="40" ordinal="5" offset="183" sl="94" sc="13" el="94" ec="48" bec="0" bev="0" fileid="1" />
                <SequencePoint vc="1" uspid="41" ordinal="6" offset="210" sl="95" sc="13" el="95" ec="52" bec="0" bev="0" fileid="1" />
                <SequencePoint vc="1" uspid="42" ordinal="7" offset="253" sl="96" sc="13" el="96" ec="64" bec="0" bev="0" fileid="1" />
                <SequencePoint vc="1" uspid="43" ordinal="8" offset="290" sl="97" sc="9" el="97" ec="10" bec="0" bev="0" fileid="1" />
              </SequencePoints>
              <BranchPoints />
              <MethodPoint xsi:type="SequencePoint" vc="1" uspid="35" ordinal="0" offset="0" sl="87" sc="9" el="87" ec="10" bec="0" bev="0" fileid="1" />
            </Method>
            <Method visited="true" cyclomaticComplexity="1" nPathComplexity="0" sequenceCoverage="100" branchCoverage="100" crapScore="1" isConstructor="false" isStatic="false" isGetter="false" isSetter="false">
              <Summary numSequencePoints="6" visitedSequencePoints="6" numBranchPoints="1" visitedBranchPoints="1" sequenceCoverage="100" branchCoverage="100" maxCyclomaticComplexity="1" minCyclomaticComplexity="1" maxCrapScore="1" minCrapScore="1" visitedClasses="0" numClasses="0" visitedMethods="1" numMethods="1" />
              <MetadataToken>100663303</MetadataToken>
              <Name>System.Void DonaLaura.App.Tests.Features.Sales.SaleServiceTests::SaleService_UpdateEmptyClient_ShouldFail()</Name>
              <FileRef uid="1" />
              <SequencePoints>
                <SequencePoint vc="1" uspid="44" ordinal="0" offset="0" sl="101" sc="9" el="101" ec="10" bec="0" bev="0" fileid="1" />
                <SequencePoint vc="1" uspid="45" ordinal="1" offset="1" sl="102" sc="13" el="102" ec="70" bec="0" bev="0" fileid="1" />
                <SequencePoint vc="1" uspid="46" ordinal="2" offset="23" sl="104" sc="13" el="104" ec="55" bec="0" bev="0" fileid="1" />
                <SequencePoint vc="1" uspid="47" ordinal="3" offset="36" sl="106" sc="13" el="106" ec="61" bec="0" bev="0" fileid="1" />
                <SequencePoint vc="1" uspid="48" ordinal="4" offset="58" sl="107" sc="13" el="107" ec="46" bec="0" bev="0" fileid="1" />
                <SequencePoint vc="1" uspid="49" ordinal="5" offset="70" sl="108" sc="9" el="108" ec="10" bec="0" bev="0" fileid="1" />
              </SequencePoints>
              <BranchPoints />
              <MethodPoint xsi:type="SequencePoint" vc="1" uspid="44" ordinal="0" offset="0" sl="101" sc="9" el="101" ec="10" bec="0" bev="0" fileid="1" />
            </Method>
            <Method visited="true" cyclomaticComplexity="1" nPathComplexity="0" sequenceCoverage="100" branchCoverage="100" crapScore="1" isConstructor="false" isStatic="false" isGetter="false" isSetter="false">
              <Summary numSequencePoints="6" visitedSequencePoints="6" numBranchPoints="1" visitedBranchPoints="1" sequenceCoverage="100" branchCoverage="100" maxCyclomaticComplexity="1" minCyclomaticComplexity="1" maxCrapScore="1" minCrapScore="1" visitedClasses="0" numClasses="0" visitedMethods="1" numMethods="1" />
              <MetadataToken>100663304</MetadataToken>
              <Name>System.Void DonaLaura.App.Tests.Features.Sales.SaleServiceTests::SaleSeervice_UpdateEmptyProduct_ShouldFail()</Name>
              <FileRef uid="1" />
              <SequencePoints>
                <SequencePoint vc="1" uspid="50" ordinal="0" offset="0" sl="112" sc="9" el="112" ec="10" bec="0" bev="0" fileid="1" />
                <SequencePoint vc="1" uspid="51" ordinal="1" offset="1" sl="113" sc="13" el="113" ec="60" bec="0" bev="0" fileid="1" />
                <SequencePoint vc="1" uspid="52" ordinal="2" offset="12" sl="115" sc="13" el="115" ec="55" bec="0" bev="0" fileid="1" />
                <SequencePoint vc="1" uspid="53" ordinal="3" offset="25" sl="117" sc="13" el="117" ec="71" bec="0" bev="0" fileid="1" />
                <SequencePoint vc="1" uspid="54" ordinal="4" offset="47" sl="118" sc="13" el="118" ec="46" bec="0" bev="0" fileid="1" />
                <SequencePoint vc="1" uspid="55" ordinal="5" offset="59" sl="119" sc="9" el="119" ec="10" bec="0" bev="0" fileid="1" />
              </SequencePoints>
              <BranchPoints />
              <MethodPoint xsi:type="SequencePoint" vc="1" uspid="50" ordinal="0" offset="0" sl="112" sc="9" el="112" ec="10" bec="0" bev="0" fileid="1" />
            </Method>
            <Method visited="true" cyclomaticComplexity="1" nPathComplexity="0" sequenceCoverage="100" branchCoverage="100" crapScore="1" isConstructor="false" isStatic="false" isGetter="false" isSetter="false">
              <Summary numSequencePoints="5" visitedSequencePoints="5" numBranchPoints="1" visitedBranchPoints="1" sequenceCoverage="100" branchCoverage="100" maxCyclomaticComplexity="1" minCyclomaticComplexity="1" maxCrapScore="1" minCrapScore="1" visitedClasses="0" numClasses="0" visitedMethods="1" numMethods="1" />
              <MetadataToken>100663305</MetadataToken>
              <Name>System.Void DonaLaura.App.Tests.Features.Sales.SaleServiceTests::SaleService_UpdateEmptyAmount_ShouldFail()</Name>
              <FileRef uid="1" />
              <SequencePoints>
                <SequencePoint vc="1" uspid="56" ordinal="0" offset="0" sl="123" sc="9" el="123" ec="10" bec="0" bev="0" fileid="1" />
                <SequencePoint vc="1" uspid="57" ordinal="1" offset="1" sl="124" sc="13" el="124" ec="70" bec="0" bev="0" fileid="1" />
                <SequencePoint vc="1" uspid="58" ordinal="2" offset="23" sl="126" sc="13" el="126" ec="55" bec="0" bev="0" fileid="1" />
                <SequencePoint vc="1" uspid="59" ordinal="3" offset="36" sl="128" sc="13" el="128" ec="66" bec="0" bev="0" fileid="1" />
                <SequencePoint vc="1" uspid="60" ordinal="4" offset="58" sl="129" sc="9" el="129" ec="10" bec="0" bev="0" fileid="1" />
              </SequencePoints>
              <BranchPoints />
              <MethodPoint xsi:type="SequencePoint" vc="1" uspid="56" ordinal="0" offset="0" sl="123" sc="9" el="123" ec="10" bec="0" bev="0" fileid="1" />
            </Method>
            <Method visited="true" cyclomaticComplexity="1" nPathComplexity="0" sequenceCoverage="100" branchCoverage="100" crapScore="1" isConstructor="false" isStatic="false" isGetter="false" isSetter="false">
              <Summary numSequencePoints="9" visitedSequencePoints="9" numBranchPoints="1" visitedBranchPoints="1" sequenceCoverage="100" branchCoverage="100" maxCyclomaticComplexity="1" minCyclomaticComplexity="1" maxCrapScore="1" minCrapScore="1" visitedClasses="0" numClasses="0" visitedMethods="1" numMethods="1" />
              <MetadataToken>100663306</MetadataToken>
              <Name>System.Void DonaLaura.App.Tests.Features.Sales.SaleServiceTests::SaleService_Get_ShouldBeOk()</Name>
              <FileRef uid="1" />
              <SequencePoints>
                <SequencePoint vc="1" uspid="61" ordinal="0" offset="6" sl="133" sc="9" el="133" ec="10" bec="0" bev="0" fileid="1" />
                <SequencePoint vc="1" uspid="62" ordinal="1" offset="7" sl="134" sc="13" el="134" ec="59" bec="0" bev="0" fileid="1" />
                <SequencePoint vc="1" uspid="63" ordinal="2" offset="29" sl="135" sc="13" el="135" ec="24" bec="0" bev="0" fileid="1" />
                <SequencePoint vc="1" uspid="64" ordinal="3" offset="36" sl="136" sc="13" el="136" ec="62" bec="0" bev="0" fileid="1" />
                <SequencePoint vc="1" uspid="65" ordinal="4" offset="171" sl="138" sc="13" el="138" ec="49" bec="0" bev="0" fileid="1" />
                <SequencePoint vc="1" uspid="66" ordinal="5" offset="194" sl="140" sc="13" el="140" ec="48" bec="0" bev="0" fileid="1" />
                <SequencePoint vc="1" uspid="67" ordinal="6" offset="221" sl="141" sc="13" el="141" ec="46" bec="0" bev="0" fileid="1" />
                <SequencePoint vc="1" uspid="68" ordinal="7" offset="260" sl="142" sc="13" el="142" ec="60" bec="0" bev="0" fileid="1" />
                <SequencePoint vc="1" uspid="69" ordinal="8" offset="303" sl="143" sc="9" el="143" ec="10" bec="0" bev="0" fileid="1" />
              </SequencePoints>
              <BranchPoints />
              <MethodPoint vc="1" uspid="70" ordinal="0" offset="0" />
            </Method>
            <Method visited="true" cyclomaticComplexity="1" nPathComplexity="0" sequenceCoverage="100" branchCoverage="100" crapScore="1" isConstructor="false" isStatic="false" isGetter="false" isSetter="false">
              <Summary numSequencePoints="5" visitedSequencePoints="5" numBranchPoints="1" visitedBranchPoints="1" sequenceCoverage="100" branchCoverage="100" maxCyclomaticComplexity="1" minCyclomaticComplexity="1" maxCrapScore="1" minCrapScore="1" visitedClasses="0" numClasses="0" visitedMethods="1" numMethods="1" />
              <MetadataToken>100663307</MetadataToken>
              <Name>System.Void DonaLaura.App.Tests.Features.Sales.SaleServiceTests::SaleService_GetInvalidId_ShouldFail()</Name>
              <FileRef uid="1" />
              <SequencePoints>
                <SequencePoint vc="1" uspid="71" ordinal="0" offset="0" sl="147" sc="9" el="147" ec="10" bec="0" bev="0" fileid="1" />
                <SequencePoint vc="1" uspid="72" ordinal="1" offset="1" sl="148" sc="13" el="148" ec="68" bec="0" bev="0" fileid="1" />
                <SequencePoint vc="1" uspid="73" ordinal="2" offset="23" sl="150" sc="13" el="150" ec="52" bec="0" bev="0" fileid="1" />
                <SequencePoint vc="1" uspid="74" ordinal="3" offset="36" sl="152" sc="13" el="152" ec="54" bec="0" bev="0" fileid="1" />
                <SequencePoint vc="1" uspid="75" ordinal="4" offset="58" sl="153" sc="9" el="153" ec="10" bec="0" bev="0" fileid="1" />
              </SequencePoints>
              <BranchPoints />
              <MethodPoint xsi:type="SequencePoint" vc="1" uspid="71" ordinal="0" offset="0" sl="147" sc="9" el="147" ec="10" bec="0" bev="0" fileid="1" />
            </Method>
            <Method visited="true" cyclomaticComplexity="1" nPathComplexity="0" sequenceCoverage="100" branchCoverage="100" crapScore="1" isConstructor="false" isStatic="false" isGetter="false" isSetter="false">
              <Summary numSequencePoints="8" visitedSequencePoints="8" numBranchPoints="1" visitedBranchPoints="1" sequenceCoverage="100" branchCoverage="100" maxCyclomaticComplexity="1" minCyclomaticComplexity="1" maxCrapScore="1" minCrapScore="1" visitedClasses="0" numClasses="0" visitedMethods="1" numMethods="1" />
              <MetadataToken>100663308</MetadataToken>
              <Name>System.Void DonaLaura.App.Tests.Features.Sales.SaleServiceTests::SaleService_GetAll_ShouldBeOk()</Name>
              <FileRef uid="1" />
              <SequencePoints>
                <SequencePoint vc="1" uspid="76" ordinal="0" offset="0" sl="157" sc="9" el="157" ec="10" bec="0" bev="0" fileid="1" />
                <SequencePoint vc="1" uspid="77" ordinal="1" offset="1" sl="158" sc="13" el="158" ec="66" bec="0" bev="0" fileid="1" />
                <SequencePoint vc="1" uspid="78" ordinal="2" offset="29" sl="159" sc="13" el="159" ec="67" bec="0" bev="0" fileid="1" />
                <SequencePoint vc="1" uspid="79" ordinal="3" offset="114" sl="160" sc="13" el="160" ec="24" bec="0" bev="0" fileid="1" />
                <SequencePoint vc="1" uspid="80" ordinal="4" offset="116" sl="162" sc="13" el="162" ec="51" bec="0" bev="0" fileid="1" />
                <SequencePoint vc="1" uspid="81" ordinal="5" offset="133" sl="164" sc="13" el="164" ec="65" bec="0" bev="0" fileid="1" />
                <SequencePoint vc="1" uspid="82" ordinal="6" offset="166" sl="165" sc="13" el="165" ec="57" bec="0" bev="0" fileid="1" />
                <SequencePoint vc="1" uspid="83" ordinal="7" offset="205" sl="166" sc="9" el="166" ec="10" bec="0" bev="0" fileid="1" />
              </SequencePoints>
              <BranchPoints />
              <MethodPoint xsi:type="SequencePoint" vc="1" uspid="76" ordinal="0" offset="0" sl="157" sc="9" el="157" ec="10" bec="0" bev="0" fileid="1" />
            </Method>
            <Method visited="true" cyclomaticComplexity="1" nPathComplexity="0" sequenceCoverage="100" branchCoverage="100" crapScore="1" isConstructor="false" isStatic="false" isGetter="false" isSetter="false">
              <Summary numSequencePoints="6" visitedSequencePoints="6" numBranchPoints="1" visitedBranchPoints="1" sequenceCoverage="100" branchCoverage="100" maxCyclomaticComplexity="1" minCyclomaticComplexity="1" maxCrapScore="1" minCrapScore="1" visitedClasses="0" numClasses="0" visitedMethods="1" numMethods="1" />
              <MetadataToken>100663309</MetadataToken>
              <Name>System.Void DonaLaura.App.Tests.Features.Sales.SaleServiceTests::SaleService_Delete_ShouldBeOk()</Name>
              <FileRef uid="1" />
              <SequencePoints>
                <SequencePoint vc="1" uspid="84" ordinal="0" offset="0" sl="170" sc="9" el="170" ec="10" bec="0" bev="0" fileid="1" />
                <SequencePoint vc="1" uspid="85" ordinal="1" offset="1" sl="171" sc="13" el="171" ec="59" bec="0" bev="0" fileid="1" />
                <SequencePoint vc="1" uspid="86" ordinal="2" offset="23" sl="172" sc="13" el="172" ec="56" bec="0" bev="0" fileid="1" />
                <SequencePoint vc="1" uspid="87" ordinal="3" offset="152" sl="174" sc="13" el="174" ec="55" bec="0" bev="0" fileid="1" />
                <SequencePoint vc="1" uspid="88" ordinal="4" offset="165" sl="176" sc="13" el="176" ec="37" bec="0" bev="0" fileid="1" />
                <SequencePoint vc="1" uspid="89" ordinal="5" offset="187" sl="177" sc="9" el="177" ec="10" bec="0" bev="0" fileid="1" />
              </SequencePoints>
              <BranchPoints />
              <MethodPoint xsi:type="SequencePoint" vc="1" uspid="84" ordinal="0" offset="0" sl="170" sc="9" el="170" ec="10" bec="0" bev="0" fileid="1" />
            </Method>
            <Method visited="true" cyclomaticComplexity="1" nPathComplexity="0" sequenceCoverage="100" branchCoverage="100" crapScore="1" isConstructor="false" isStatic="false" isGetter="false" isSetter="false">
              <Summary numSequencePoints="5" visitedSequencePoints="5" numBranchPoints="1" visitedBranchPoints="1" sequenceCoverage="100" branchCoverage="100" maxCyclomaticComplexity="1" minCyclomaticComplexity="1" maxCrapScore="1" minCrapScore="1" visitedClasses="0" numClasses="0" visitedMethods="1" numMethods="1" />
              <MetadataToken>100663310</MetadataToken>
              <Name>System.Void DonaLaura.App.Tests.Features.Sales.SaleServiceTests::SaleService_DeleteInvalidId_ShouldFail()</Name>
              <FileRef uid="1" />
              <SequencePoints>
                <SequencePoint vc="1" uspid="90" ordinal="0" offset="0" sl="181" sc="9" el="181" ec="10" bec="0" bev="0" fileid="1" />
                <SequencePoint vc="1" uspid="91" ordinal="1" offset="1" sl="182" sc="13" el="182" ec="68" bec="0" bev="0" fileid="1" />
                <SequencePoint vc="1" uspid="92" ordinal="2" offset="23" sl="184" sc="13" el="184" ec="55" bec="0" bev="0" fileid="1" />
                <SequencePoint vc="1" uspid="93" ordinal="3" offset="36" sl="186" sc="13" el="186" ec="54" bec="0" bev="0" fileid="1" />
                <SequencePoint vc="1" uspid="94" ordinal="4" offset="58" sl="187" sc="9" el="187" ec="10" bec="0" bev="0" fileid="1" />
              </SequencePoints>
              <BranchPoints />
              <MethodPoint xsi:type="SequencePoint" vc="1" uspid="90" ordinal="0" offset="0" sl="181" sc="9" el="181" ec="10" bec="0" bev="0" fileid="1" />
            </Method>
            <Method visited="true" cyclomaticComplexity="1" nPathComplexity="0" sequenceCoverage="100" branchCoverage="100" crapScore="1" isConstructor="false" isStatic="false" isGetter="false" isSetter="false">
              <Summary numSequencePoints="7" visitedSequencePoints="7" numBranchPoints="1" visitedBranchPoints="1" sequenceCoverage="100" branchCoverage="100" maxCyclomaticComplexity="1" minCyclomaticComplexity="1" maxCrapScore="1" minCrapScore="1" visitedClasses="0" numClasses="0" visitedMethods="1" numMethods="1" />
              <MetadataToken>100663311</MetadataToken>
              <Name>System.Void DonaLaura.App.Tests.Features.Sales.SaleServiceTests::TearDown()</Name>
              <FileRef uid="1" />
              <SequencePoints>
                <SequencePoint vc="13" uspid="95" ordinal="0" offset="0" sl="191" sc="9" el="191" ec="10" bec="0" bev="0" fileid="1" />
                <SequencePoint vc="13" uspid="96" ordinal="1" offset="1" sl="192" sc="13" el="192" ec="26" bec="0" bev="0" fileid="1" />
                <SequencePoint vc="13" uspid="97" ordinal="2" offset="8" sl="193" sc="13" el="193" ec="34" bec="0" bev="0" fileid="1" />
                <SequencePoint vc="13" uspid="98" ordinal="3" offset="15" sl="194" sc="13" el="194" ec="32" bec="0" bev="0" fileid="1" />
                <SequencePoint vc="13" uspid="99" ordinal="4" offset="22" sl="195" sc="13" el="195" ec="29" bec="0" bev="0" fileid="1" />
                <SequencePoint vc="13" uspid="100" ordinal="5" offset="29" sl="196" sc="13" el="196" ec="29" bec="0" bev="0" fileid="1" />
                <SequencePoint vc="13" uspid="101" ordinal="6" offset="36" sl="197" sc="9" el="197" ec="10" bec="0" bev="0" fileid="1" />
              </SequencePoints>
              <BranchPoints />
              <MethodPoint xsi:type="SequencePoint" vc="13" uspid="95" ordinal="0" offset="0" sl="191" sc="9" el="191" ec="10" bec="0" bev="0" fileid="1" />
            </Method>
            <Method visited="false" cyclomaticComplexity="1" nPathComplexity="0" sequenceCoverage="0" branchCoverage="0" crapScore="2" isConstructor="true" isStatic="false" isGetter="false" isSetter="false">
              <Summary numSequencePoints="0" visitedSequencePoints="0" numBranchPoints="0" visitedBranchPoints="0" sequenceCoverage="0" branchCoverage="0" maxCyclomaticComplexity="1" minCyclomaticComplexity="1" maxCrapScore="2" minCrapScore="2" visitedClasses="0" numClasses="0" visitedMethods="0" numMethods="0" />
              <MetadataToken>100663312</MetadataToken>
              <Name>System.Void DonaLaura.App.Tests.Features.Sales.SaleServiceTests::.ctor()</Name>
              <SequencePoints />
              <BranchPoints />
              <MethodPoint vc="0" uspid="102" ordinal="0" offset="0" />
            </Method>
            <Method visited="true" cyclomaticComplexity="1" nPathComplexity="0" sequenceCoverage="100" branchCoverage="100" crapScore="1" isConstructor="false" isStatic="false" isGetter="false" isSetter="false">
              <Summary numSequencePoints="1" visitedSequencePoints="1" numBranchPoints="1" visitedBranchPoints="1" sequenceCoverage="100" branchCoverage="100" maxCyclomaticComplexity="1" minCyclomaticComplexity="1" maxCrapScore="1" minCrapScore="1" visitedClasses="0" numClasses="0" visitedMethods="1" numMethods="1" />
              <MetadataToken>100663313</MetadataToken>
              <Name>System.Void DonaLaura.App.Tests.Features.Sales.SaleServiceTests::&lt;SaleService_AddEmptyClient_ShouldFail&gt;b__9_0()</Name>
              <FileRef uid="1" />
              <SequencePoints>
                <SequencePoint vc="1" uspid="103" ordinal="0" offset="0" sl="58" sc="32" el="58" ec="51" bec="0" bev="0" fileid="1" />
              </SequencePoints>
              <BranchPoints />
              <MethodPoint xsi:type="SequencePoint" vc="1" uspid="103" ordinal="0" offset="0" sl="58" sc="32" el="58" ec="51" bec="0" bev="0" fileid="1" />
            </Method>
            <Method visited="true" cyclomaticComplexity="1" nPathComplexity="0" sequenceCoverage="100" branchCoverage="100" crapScore="1" isConstructor="false" isStatic="false" isGetter="false" isSetter="false">
              <Summary numSequencePoints="1" visitedSequencePoints="1" numBranchPoints="1" visitedBranchPoints="1" sequenceCoverage="100" branchCoverage="100" maxCyclomaticComplexity="1" minCyclomaticComplexity="1" maxCrapScore="1" minCrapScore="1" visitedClasses="0" numClasses="0" visitedMethods="1" numMethods="1" />
              <MetadataToken>100663314</MetadataToken>
              <Name>System.Void DonaLaura.App.Tests.Features.Sales.SaleServiceTests::&lt;SaleSeervice_AddEmptyProduct_ShouldFail&gt;b__10_0()</Name>
              <FileRef uid="1" />
              <SequencePoints>
                <SequencePoint vc="1" uspid="104" ordinal="0" offset="0" sl="69" sc="32" el="69" ec="51" bec="0" bev="0" fileid="1" />
              </SequencePoints>
              <BranchPoints />
              <MethodPoint xsi:type="SequencePoint" vc="1" uspid="104" ordinal="0" offset="0" sl="69" sc="32" el="69" ec="51" bec="0" bev="0" fileid="1" />
            </Method>
            <Method visited="true" cyclomaticComplexity="1" nPathComplexity="0" sequenceCoverage="100" branchCoverage="100" crapScore="1" isConstructor="false" isStatic="false" isGetter="false" isSetter="false">
              <Summary numSequencePoints="1" visitedSequencePoints="1" numBranchPoints="1" visitedBranchPoints="1" sequenceCoverage="100" branchCoverage="100" maxCyclomaticComplexity="1" minCyclomaticComplexity="1" maxCrapScore="1" minCrapScore="1" visitedClasses="0" numClasses="0" visitedMethods="1" numMethods="1" />
              <MetadataToken>100663315</MetadataToken>
              <Name>System.Void DonaLaura.App.Tests.Features.Sales.SaleServiceTests::&lt;SaleService_AddEmptyAmount_ShouldFail&gt;b__11_0()</Name>
              <FileRef uid="1" />
              <SequencePoints>
                <SequencePoint vc="1" uspid="105" ordinal="0" offset="0" sl="80" sc="32" el="80" ec="51" bec="0" bev="0" fileid="1" />
              </SequencePoints>
              <BranchPoints />
              <MethodPoint xsi:type="SequencePoint" vc="1" uspid="105" ordinal="0" offset="0" sl="80" sc="32" el="80" ec="51" bec="0" bev="0" fileid="1" />
            </Method>
            <Method visited="true" cyclomaticComplexity="1" nPathComplexity="0" sequenceCoverage="100" branchCoverage="100" crapScore="1" isConstructor="false" isStatic="false" isGetter="false" isSetter="false">
              <Summary numSequencePoints="1" visitedSequencePoints="1" numBranchPoints="1" visitedBranchPoints="1" sequenceCoverage="100" branchCoverage="100" maxCyclomaticComplexity="1" minCyclomaticComplexity="1" maxCrapScore="1" minCrapScore="1" visitedClasses="0" numClasses="0" visitedMethods="1" numMethods="1" />
              <MetadataToken>100663316</MetadataToken>
              <Name>System.Void DonaLaura.App.Tests.Features.Sales.SaleServiceTests::&lt;SaleService_UpdateEmptyClient_ShouldFail&gt;b__13_0()</Name>
              <FileRef uid="1" />
              <SequencePoints>
                <SequencePoint vc="1" uspid="106" ordinal="0" offset="0" sl="104" sc="32" el="104" ec="54" bec="0" bev="0" fileid="1" />
              </SequencePoints>
              <BranchPoints />
              <MethodPoint xsi:type="SequencePoint" vc="1" uspid="106" ordinal="0" offset="0" sl="104" sc="32" el="104" ec="54" bec="0" bev="0" fileid="1" />
            </Method>
            <Method visited="true" cyclomaticComplexity="1" nPathComplexity="0" sequenceCoverage="100" branchCoverage="100" crapScore="1" isConstructor="false" isStatic="false" isGetter="false" isSetter="false">
              <Summary numSequencePoints="1" visitedSequencePoints="1" numBranchPoints="1" visitedBranchPoints="1" sequenceCoverage="100" branchCoverage="100" maxCyclomaticComplexity="1" minCyclomaticComplexity="1" maxCrapScore="1" minCrapScore="1" visitedClasses="0" numClasses="0" visitedMethods="1" numMethods="1" />
              <MetadataToken>100663317</MetadataToken>
              <Name>System.Void DonaLaura.App.Tests.Features.Sales.SaleServiceTests::&lt;SaleSeervice_UpdateEmptyProduct_ShouldFail&gt;b__14_0()</Name>
              <FileRef uid="1" />
              <SequencePoints>
                <SequencePoint vc="1" uspid="107" ordinal="0" offset="0" sl="115" sc="32" el="115" ec="54" bec="0" bev="0" fileid="1" />
              </SequencePoints>
              <BranchPoints />
              <MethodPoint xsi:type="SequencePoint" vc="1" uspid="107" ordinal="0" offset="0" sl="115" sc="32" el="115" ec="54" bec="0" bev="0" fileid="1" />
            </Method>
            <Method visited="true" cyclomaticComplexity="1" nPathComplexity="0" sequenceCoverage="100" branchCoverage="100" crapScore="1" isConstructor="false" isStatic="false" isGetter="false" isSetter="false">
              <Summary numSequencePoints="1" visitedSequencePoints="1" numBranchPoints="1" visitedBranchPoints="1" sequenceCoverage="100" branchCoverage="100" maxCyclomaticComplexity="1" minCyclomaticComplexity="1" maxCrapScore="1" minCrapScore="1" visitedClasses="0" numClasses="0" visitedMethods="1" numMethods="1" />
              <MetadataToken>100663318</MetadataToken>
              <Name>System.Void DonaLaura.App.Tests.Features.Sales.SaleServiceTests::&lt;SaleService_UpdateEmptyAmount_ShouldFail&gt;b__15_0()</Name>
              <FileRef uid="1" />
              <SequencePoints>
                <SequencePoint vc="1" uspid="108" ordinal="0" offset="0" sl="126" sc="32" el="126" ec="54" bec="0" bev="0" fileid="1" />
              </SequencePoints>
              <BranchPoints />
              <MethodPoint xsi:type="SequencePoint" vc="1" uspid="108" ordinal="0" offset="0" sl="126" sc="32" el="126" ec="54" bec="0" bev="0" fileid="1" />
            </Method>
            <Method visited="true" cyclomaticComplexity="1" nPathComplexity="0" sequenceCoverage="100" branchCoverage="100" crapScore="1" isConstructor="false" isStatic="false" isGetter="false" isSetter="false">
              <Summary numSequencePoints="1" visitedSequencePoints="1" numBranchPoints="1" visitedBranchPoints="1" sequenceCoverage="100" branchCoverage="100" maxCyclomaticComplexity="1" minCyclomaticComplexity="1" maxCrapScore="1" minCrapScore="1" visitedClasses="0" numClasses="0" visitedMethods="1" numMethods="1" />
              <MetadataToken>100663319</MetadataToken>
              <Name>System.Void DonaLaura.App.Tests.Features.Sales.SaleServiceTests::&lt;SaleService_GetInvalidId_ShouldFail&gt;b__17_0()</Name>
              <FileRef uid="1" />
              <SequencePoints>
                <SequencePoint vc="1" uspid="109" ordinal="0" offset="0" sl="150" sc="32" el="150" ec="51" bec="0" bev="0" fileid="1" />
              </SequencePoints>
              <BranchPoints />
              <MethodPoint xsi:type="SequencePoint" vc="1" uspid="109" ordinal="0" offset="0" sl="150" sc="32" el="150" ec="51" bec="0" bev="0" fileid="1" />
            </Method>
            <Method visited="true" cyclomaticComplexity="1" nPathComplexity="0" sequenceCoverage="100" branchCoverage="100" crapScore="1" isConstructor="false" isStatic="false" isGetter="false" isSetter="false">
              <Summary numSequencePoints="1" visitedSequencePoints="1" numBranchPoints="1" visitedBranchPoints="1" sequenceCoverage="100" branchCoverage="100" maxCyclomaticComplexity="1" minCyclomaticComplexity="1" maxCrapScore="1" minCrapScore="1" visitedClasses="0" numClasses="0" visitedMethods="1" numMethods="1" />
              <MetadataToken>100663320</MetadataToken>
              <Name>System.Void DonaLaura.App.Tests.Features.Sales.SaleServiceTests::&lt;SaleService_Delete_ShouldBeOk&gt;b__19_1()</Name>
              <FileRef uid="1" />
              <SequencePoints>
                <SequencePoint vc="1" uspid="110" ordinal="0" offset="0" sl="174" sc="32" el="174" ec="54" bec="0" bev="0" fileid="1" />
              </SequencePoints>
              <BranchPoints />
              <MethodPoint xsi:type="SequencePoint" vc="1" uspid="110" ordinal="0" offset="0" sl="174" sc="32" el="174" ec="54" bec="0" bev="0" fileid="1" />
            </Method>
            <Method visited="true" cyclomaticComplexity="1" nPathComplexity="0" sequenceCoverage="100" branchCoverage="100" crapScore="1" isConstructor="false" isStatic="false" isGetter="false" isSetter="false">
              <Summary numSequencePoints="1" visitedSequencePoints="1" numBranchPoints="1" visitedBranchPoints="1" sequenceCoverage="100" branchCoverage="100" maxCyclomaticComplexity="1" minCyclomaticComplexity="1" maxCrapScore="1" minCrapScore="1" visitedClasses="0" numClasses="0" visitedMethods="1" numMethods="1" />
              <MetadataToken>100663321</MetadataToken>
              <Name>System.Void DonaLaura.App.Tests.Features.Sales.SaleServiceTests::&lt;SaleService_DeleteInvalidId_ShouldFail&gt;b__20_0()</Name>
              <FileRef uid="1" />
              <SequencePoints>
                <SequencePoint vc="1" uspid="111" ordinal="0" offset="0" sl="184" sc="32" el="184" ec="54" bec="0" bev="0" fileid="1" />
              </SequencePoints>
              <BranchPoints />
              <MethodPoint xsi:type="SequencePoint" vc="1" uspid="111" ordinal="0" offset="0" sl="184" sc="32" el="184" ec="54" bec="0" bev="0" fileid="1" />
            </Method>
          </Methods>
        </Class>
        <Class>
          <Summary numSequencePoints="0" visitedSequencePoints="0" numBranchPoints="0" visitedBranchPoints="0" sequenceCoverage="0" branchCoverage="0" maxCyclomaticComplexity="1" minCyclomaticComplexity="1" maxCrapScore="2" minCrapScore="2" visitedClasses="0" numClasses="0" visitedMethods="0" numMethods="0" />
          <FullName>DonaLaura.App.Tests.Features.Sales.SaleServiceTests/&lt;&gt;c__DisplayClass16_0</FullName>
          <Methods>
            <Method visited="false" cyclomaticComplexity="1" nPathComplexity="0" sequenceCoverage="0" branchCoverage="0" crapScore="2" isConstructor="true" isStatic="false" isGetter="false" isSetter="false">
              <Summary numSequencePoints="0" visitedSequencePoints="0" numBranchPoints="0" visitedBranchPoints="0" sequenceCoverage="0" branchCoverage="0" maxCyclomaticComplexity="1" minCyclomaticComplexity="1" maxCrapScore="2" minCrapScore="2" visitedClasses="0" numClasses="0" visitedMethods="0" numMethods="0" />
              <MetadataToken>100663347</MetadataToken>
              <Name>System.Void DonaLaura.App.Tests.Features.Sales.SaleServiceTests/&lt;&gt;c__DisplayClass16_0::.ctor()</Name>
              <SequencePoints />
              <BranchPoints />
              <MethodPoint vc="0" uspid="112" ordinal="0" offset="0" />
            </Method>
          </Methods>
        </Class>
        <Class>
          <Summary numSequencePoints="0" visitedSequencePoints="0" numBranchPoints="0" visitedBranchPoints="0" sequenceCoverage="0" branchCoverage="0" maxCyclomaticComplexity="1" minCyclomaticComplexity="1" maxCrapScore="2" minCrapScore="2" visitedClasses="0" numClasses="0" visitedMethods="0" numMethods="0" />
          <FullName>DonaLaura.App.Tests.Features.Sales.SaleServiceTests/&lt;&gt;c</FullName>
          <Methods>
            <Method visited="false" cyclomaticComplexity="1" nPathComplexity="0" sequenceCoverage="0" branchCoverage="0" crapScore="2" isConstructor="true" isStatic="true" isGetter="false" isSetter="false">
              <Summary numSequencePoints="0" visitedSequencePoints="0" numBranchPoints="0" visitedBranchPoints="0" sequenceCoverage="0" branchCoverage="0" maxCyclomaticComplexity="1" minCyclomaticComplexity="1" maxCrapScore="2" minCrapScore="2" visitedClasses="0" numClasses="0" visitedMethods="0" numMethods="0" />
              <MetadataToken>100663348</MetadataToken>
              <Name>System.Void DonaLaura.App.Tests.Features.Sales.SaleServiceTests/&lt;&gt;c::.cctor()</Name>
              <SequencePoints />
              <BranchPoints />
              <MethodPoint vc="0" uspid="113" ordinal="0" offset="0" />
            </Method>
            <Method visited="false" cyclomaticComplexity="1" nPathComplexity="0" sequenceCoverage="0" branchCoverage="0" crapScore="2" isConstructor="true" isStatic="false" isGetter="false" isSetter="false">
              <Summary numSequencePoints="0" visitedSequencePoints="0" numBranchPoints="0" visitedBranchPoints="0" sequenceCoverage="0" branchCoverage="0" maxCyclomaticComplexity="1" minCyclomaticComplexity="1" maxCrapScore="2" minCrapScore="2" visitedClasses="0" numClasses="0" visitedMethods="0" numMethods="0" />
              <MetadataToken>100663349</MetadataToken>
              <Name>System.Void DonaLaura.App.Tests.Features.Sales.SaleServiceTests/&lt;&gt;c::.ctor()</Name>
              <SequencePoints />
              <BranchPoints />
              <MethodPoint vc="0" uspid="114" ordinal="0" offset="0" />
            </Method>
          </Methods>
        </Class>
        <Class>
          <Summary numSequencePoints="95" visitedSequencePoints="95" numBranchPoints="24" visitedBranchPoints="24" sequenceCoverage="100" branchCoverage="100" maxCyclomaticComplexity="1" minCyclomaticComplexity="1" maxCrapScore="2" minCrapScore="1" visitedClasses="1" numClasses="1" visitedMethods="24" numMethods="24" />
          <FullName>DonaLaura.App.Tests.Features.Products.ProductServiceTests</FullName>
          <Methods>
            <Method visited="true" cyclomaticComplexity="1" nPathComplexity="0" sequenceCoverage="100" branchCoverage="100" crapScore="1" isConstructor="false" isStatic="false" isGetter="false" isSetter="false">
              <Summary numSequencePoints="8" visitedSequencePoints="8" numBranchPoints="1" visitedBranchPoints="1" sequenceCoverage="100" branchCoverage="100" maxCyclomaticComplexity="1" minCyclomaticComplexity="1" maxCrapScore="1" minCrapScore="1" visitedClasses="0" numClasses="0" visitedMethods="1" numMethods="1" />
              <MetadataToken>100663322</MetadataToken>
              <Name>System.Void DonaLaura.App.Tests.Features.Products.ProductServiceTests::SetUp()</Name>
              <FileRef uid="2" />
              <SequencePoints>
                <SequencePoint vc="13" uspid="115" ordinal="0" offset="0" sl="28" sc="9" el="28" ec="10" bec="0" bev="0" fileid="2" />
                <SequencePoint vc="13" uspid="116" ordinal="1" offset="1" sl="29" sc="13" el="29" ec="38" bec="0" bev="0" fileid="2" />
                <SequencePoint vc="13" uspid="117" ordinal="2" offset="12" sl="30" sc="13" el="30" ec="58" bec="0" bev="0" fileid="2" />
                <SequencePoint vc="13" uspid="118" ordinal="3" offset="23" sl="31" sc="13" el="31" ec="63" bec="0" bev="0" fileid="2" />
                <SequencePoint vc="13" uspid="119" ordinal="4" offset="45" sl="32" sc="13" el="32" ec="46" bec="0" bev="0" fileid="2" />
                <SequencePoint vc="13" uspid="120" ordinal="5" offset="56" sl="33" sc="13" el="33" ec="48" bec="0" bev="0" fileid="2" />
                <SequencePoint vc="13" uspid="121" ordinal="6" offset="67" sl="34" sc="13" el="34" ec="56" bec="0" bev="0" fileid="2" />
                <SequencePoint vc="13" uspid="122" ordinal="7" offset="78" sl="35" sc="9" el="35" ec="10" bec="0" bev="0" fileid="2" />
              </SequencePoints>
              <BranchPoints />
              <MethodPoint xsi:type="SequencePoint" vc="13" uspid="115" ordinal="0" offset="0" sl="28" sc="9" el="28" ec="10" bec="0" bev="0" fileid="2" />
            </Method>
            <Method visited="true" cyclomaticComplexity="1" nPathComplexity="0" sequenceCoverage="100" branchCoverage="100" crapScore="1" isConstructor="false" isStatic="false" isGetter="false" isSetter="false">
              <Summary numSequencePoints="6" visitedSequencePoints="6" numBranchPoints="1" visitedBranchPoints="1" sequenceCoverage="100" branchCoverage="100" maxCyclomaticComplexity="1" minCyclomaticComplexity="1" maxCrapScore="1" minCrapScore="1" visitedClasses="0" numClasses="0" visitedMethods="1" numMethods="1" />
              <MetadataToken>100663323</MetadataToken>
              <Name>System.Void DonaLaura.App.Tests.Features.Products.ProductServiceTests::ProductService_Add_ShouldBeOk()</Name>
              <FileRef uid="2" />
              <SequencePoints>
                <SequencePoint vc="1" uspid="123" ordinal="0" offset="0" sl="39" sc="9" el="39" ec="10" bec="0" bev="0" fileid="2" />
                <SequencePoint vc="1" uspid="124" ordinal="1" offset="1" sl="40" sc="13" el="40" ec="50" bec="0" bev="0" fileid="2" />
                <SequencePoint vc="1" uspid="125" ordinal="2" offset="12" sl="41" sc="13" el="41" ec="71" bec="0" bev="0" fileid="2" />
                <SequencePoint vc="1" uspid="126" ordinal="3" offset="132" sl="43" sc="13" el="43" ec="55" bec="0" bev="0" fileid="2" />
                <SequencePoint vc="1" uspid="127" ordinal="4" offset="155" sl="45" sc="13" el="45" ec="52" bec="0" bev="0" fileid="2" />
                <SequencePoint vc="1" uspid="128" ordinal="5" offset="188" sl="46" sc="9" el="46" ec="10" bec="0" bev="0" fileid="2" />
              </SequencePoints>
              <BranchPoints />
              <MethodPoint xsi:type="SequencePoint" vc="1" uspid="123" ordinal="0" offset="0" sl="39" sc="9" el="39" ec="10" bec="0" bev="0" fileid="2" />
            </Method>
            <Method visited="true" cyclomaticComplexity="1" nPathComplexity="0" sequenceCoverage="100" branchCoverage="100" crapScore="1" isConstructor="false" isStatic="false" isGetter="false" isSetter="false">
              <Summary numSequencePoints="5" visitedSequencePoints="5" numBranchPoints="1" visitedBranchPoints="1" sequenceCoverage="100" branchCoverage="100" maxCyclomaticComplexity="1" minCyclomaticComplexity="1" maxCrapScore="1" minCrapScore="1" visitedClasses="0" numClasses="0" visitedMethods="1" numMethods="1" />
              <MetadataToken>100663324</MetadataToken>
              <Name>System.Void DonaLaura.App.Tests.Features.Products.ProductServiceTests::ProductService_AddInvalidName_ShouldFail()</Name>
              <FileRef uid="2" />
              <SequencePoints>
                <SequencePoint vc="1" uspid="129" ordinal="0" offset="0" sl="50" sc="9" el="50" ec="10" bec="0" bev="0" fileid="2" />
                <SequencePoint vc="1" uspid="130" ordinal="1" offset="1" sl="51" sc="13" el="51" ec="61" bec="0" bev="0" fileid="2" />
                <SequencePoint vc="1" uspid="131" ordinal="2" offset="12" sl="53" sc="13" el="53" ec="55" bec="0" bev="0" fileid="2" />
                <SequencePoint vc="1" uspid="132" ordinal="3" offset="25" sl="55" sc="13" el="55" ec="64" bec="0" bev="0" fileid="2" />
                <SequencePoint vc="1" uspid="133" ordinal="4" offset="47" sl="56" sc="9" el="56" ec="10" bec="0" bev="0" fileid="2" />
              </SequencePoints>
              <BranchPoints />
              <MethodPoint xsi:type="SequencePoint" vc="1" uspid="129" ordinal="0" offset="0" sl="50" sc="9" el="50" ec="10" bec="0" bev="0" fileid="2" />
            </Method>
            <Method visited="true" cyclomaticComplexity="1" nPathComplexity="0" sequenceCoverage="100" branchCoverage="100" crapScore="1" isConstructor="false" isStatic="false" isGetter="false" isSetter="false">
              <Summary numSequencePoints="5" visitedSequencePoints="5" numBranchPoints="1" visitedBranchPoints="1" sequenceCoverage="100" branchCoverage="100" maxCyclomaticComplexity="1" minCyclomaticComplexity="1" maxCrapScore="1" minCrapScore="1" visitedClasses="0" numClasses="0" visitedMethods="1" numMethods="1" />
              <MetadataToken>100663325</MetadataToken>
              <Name>System.Void DonaLaura.App.Tests.Features.Products.ProductServiceTests::ProductService_AddInvalidCostPrice_ShouldFail()</Name>
              <FileRef uid="2" />
              <SequencePoints>
                <SequencePoint vc="1" uspid="134" ordinal="0" offset="0" sl="60" sc="9" el="60" ec="10" bec="0" bev="0" fileid="2" />
                <SequencePoint vc="1" uspid="135" ordinal="1" offset="1" sl="61" sc="13" el="61" ec="66" bec="0" bev="0" fileid="2" />
                <SequencePoint vc="1" uspid="136" ordinal="2" offset="12" sl="63" sc="13" el="63" ec="55" bec="0" bev="0" fileid="2" />
                <SequencePoint vc="1" uspid="137" ordinal="3" offset="25" sl="65" sc="13" el="65" ec="66" bec="0" bev="0" fileid="2" />
                <SequencePoint vc="1" uspid="138" ordinal="4" offset="47" sl="66" sc="9" el="66" ec="10" bec="0" bev="0" fileid="2" />
              </SequencePoints>
              <BranchPoints />
              <MethodPoint xsi:type="SequencePoint" vc="1" uspid="134" ordinal="0" offset="0" sl="60" sc="9" el="60" ec="10" bec="0" bev="0" fileid="2" />
            </Method>
            <Method visited="true" cyclomaticComplexity="1" nPathComplexity="0" sequenceCoverage="100" branchCoverage="100" crapScore="1" isConstructor="false" isStatic="false" isGetter="false" isSetter="false">
              <Summary numSequencePoints="5" visitedSequencePoints="5" numBranchPoints="1" visitedBranchPoints="1" sequenceCoverage="100" branchCoverage="100" maxCyclomaticComplexity="1" minCyclomaticComplexity="1" maxCrapScore="1" minCrapScore="1" visitedClasses="0" numClasses="0" visitedMethods="1" numMethods="1" />
              <MetadataToken>100663326</MetadataToken>
              <Name>System.Void DonaLaura.App.Tests.Features.Products.ProductServiceTests::ProductService_AddInvalidExpiration_ShouldFail()</Name>
              <FileRef uid="2" />
              <SequencePoints>
                <SequencePoint vc="1" uspid="139" ordinal="0" offset="0" sl="70" sc="9" el="70" ec="10" bec="0" bev="0" fileid="2" />
                <SequencePoint vc="1" uspid="140" ordinal="1" offset="1" sl="71" sc="13" el="71" ec="67" bec="0" bev="0" fileid="2" />
                <SequencePoint vc="1" uspid="141" ordinal="2" offset="12" sl="73" sc="13" el="73" ec="55" bec="0" bev="0" fileid="2" />
                <SequencePoint vc="1" uspid="142" ordinal="3" offset="25" sl="75" sc="13" el="75" ec="88" bec="0" bev="0" fileid="2" />
                <SequencePoint vc="1" uspid="143" ordinal="4" offset="47" sl="76" sc="9" el="76" ec="10" bec="0" bev="0" fileid="2" />
              </SequencePoints>
              <BranchPoints />
              <MethodPoint xsi:type="SequencePoint" vc="1" uspid="139" ordinal="0" offset="0" sl="70" sc="9" el="70" ec="10" bec="0" bev="0" fileid="2" />
            </Method>
            <Method visited="true" cyclomaticComplexity="1" nPathComplexity="0" sequenceCoverage="100" branchCoverage="100" crapScore="1" isConstructor="false" isStatic="false" isGetter="false" isSetter="false">
              <Summary numSequencePoints="7" visitedSequencePoints="7" numBranchPoints="1" visitedBranchPoints="1" sequenceCoverage="100" branchCoverage="100" maxCyclomaticComplexity="1" minCyclomaticComplexity="1" maxCrapScore="1" minCrapScore="1" visitedClasses="0" numClasses="0" visitedMethods="1" numMethods="1" />
              <MetadataToken>100663327</MetadataToken>
              <Name>System.Void DonaLaura.App.Tests.Features.Products.ProductServiceTests::ProductService_Update_ShouldBeOk()</Name>
              <FileRef uid="2" />
              <SequencePoints>
                <SequencePoint vc="1" uspid="144" ordinal="0" offset="0" sl="80" sc="9" el="80" ec="10" bec="0" bev="0" fileid="2" />
                <SequencePoint vc="1" uspid="145" ordinal="1" offset="1" sl="81" sc="13" el="81" ec="50" bec="0" bev="0" fileid="2" />
                <SequencePoint vc="1" uspid="146" ordinal="2" offset="12" sl="82" sc="13" el="82" ec="74" bec="0" bev="0" fileid="2" />
                <SequencePoint vc="1" uspid="147" ordinal="3" offset="132" sl="84" sc="13" el="84" ec="58" bec="0" bev="0" fileid="2" />
                <SequencePoint vc="1" uspid="148" ordinal="4" offset="155" sl="86" sc="13" el="86" ec="52" bec="0" bev="0" fileid="2" />
                <SequencePoint vc="1" uspid="149" ordinal="5" offset="188" sl="87" sc="13" el="87" ec="62" bec="0" bev="0" fileid="2" />
                <SequencePoint vc="1" uspid="150" ordinal="6" offset="231" sl="88" sc="9" el="88" ec="10" bec="0" bev="0" fileid="2" />
              </SequencePoints>
              <BranchPoints />
              <MethodPoint xsi:type="SequencePoint" vc="1" uspid="144" ordinal="0" offset="0" sl="80" sc="9" el="80" ec="10" bec="0" bev="0" fileid="2" />
            </Method>
            <Method visited="true" cyclomaticComplexity="1" nPathComplexity="0" sequenceCoverage="100" branchCoverage="100" crapScore="1" isConstructor="false" isStatic="false" isGetter="false" isSetter="false">
              <Summary numSequencePoints="5" visitedSequencePoints="5" numBranchPoints="1" visitedBranchPoints="1" sequenceCoverage="100" branchCoverage="100" maxCyclomaticComplexity="1" minCyclomaticComplexity="1" maxCrapScore="1" minCrapScore="1" visitedClasses="0" numClasses="0" visitedMethods="1" numMethods="1" />
              <MetadataToken>100663328</MetadataToken>
              <Name>System.Void DonaLaura.App.Tests.Features.Products.ProductServiceTests::ProductService_UpdateInvalidName_ShouldFail()</Name>
              <FileRef uid="2" />
              <SequencePoints>
                <SequencePoint vc="1" uspid="151" ordinal="0" offset="0" sl="92" sc="9" el="92" ec="10" bec="0" bev="0" fileid="2" />
                <SequencePoint vc="1" uspid="152" ordinal="1" offset="1" sl="93" sc="13" el="93" ec="61" bec="0" bev="0" fileid="2" />
                <SequencePoint vc="1" uspid="153" ordinal="2" offset="12" sl="95" sc="13" el="95" ec="58" bec="0" bev="0" fileid="2" />
                <SequencePoint vc="1" uspid="154" ordinal="3" offset="25" sl="97" sc="13" el="97" ec="64" bec="0" bev="0" fileid="2" />
                <SequencePoint vc="1" uspid="155" ordinal="4" offset="47" sl="98" sc="9" el="98" ec="10" bec="0" bev="0" fileid="2" />
              </SequencePoints>
              <BranchPoints />
              <MethodPoint xsi:type="SequencePoint" vc="1" uspid="151" ordinal="0" offset="0" sl="92" sc="9" el="92" ec="10" bec="0" bev="0" fileid="2" />
            </Method>
            <Method visited="true" cyclomaticComplexity="1" nPathComplexity="0" sequenceCoverage="100" branchCoverage="100" crapScore="1" isConstructor="false" isStatic="false" isGetter="false" isSetter="false">
              <Summary numSequencePoints="5" visitedSequencePoints="5" numBranchPoints="1" visitedBranchPoints="1" sequenceCoverage="100" branchCoverage="100" maxCyclomaticComplexity="1" minCyclomaticComplexity="1" maxCrapScore="1" minCrapScore="1" visitedClasses="0" numClasses="0" visitedMethods="1" numMethods="1" />
              <MetadataToken>100663329</MetadataToken>
              <Name>System.Void DonaLaura.App.Tests.Features.Products.ProductServiceTests::ProductService_UpdateInvalidCostPrice_ShouldFail()</Name>
              <FileRef uid="2" />
              <SequencePoints>
                <SequencePoint vc="1" uspid="156" ordinal="0" offset="0" sl="102" sc="9" el="102" ec="10" bec="0" bev="0" fileid="2" />
                <SequencePoint vc="1" uspid="157" ordinal="1" offset="1" sl="103" sc="13" el="103" ec="66" bec="0" bev="0" fileid="2" />
                <SequencePoint vc="1" uspid="158" ordinal="2" offset="12" sl="105" sc="13" el="105" ec="58" bec="0" bev="0" fileid="2" />
                <SequencePoint vc="1" uspid="159" ordinal="3" offset="25" sl="107" sc="13" el="107" ec="66" bec="0" bev="0" fileid="2" />
                <SequencePoint vc="1" uspid="160" ordinal="4" offset="47" sl="108" sc="9" el="108" ec="10" bec="0" bev="0" fileid="2" />
              </SequencePoints>
              <BranchPoints />
              <MethodPoint xsi:type="SequencePoint" vc="1" uspid="156" ordinal="0" offset="0" sl="102" sc="9" el="102" ec="10" bec="0" bev="0" fileid="2" />
            </Method>
            <Method visited="true" cyclomaticComplexity="1" nPathComplexity="0" sequenceCoverage="100" branchCoverage="100" crapScore="1" isConstructor="false" isStatic="false" isGetter="false" isSetter="false">
              <Summary numSequencePoints="5" visitedSequencePoints="5" numBranchPoints="1" visitedBranchPoints="1" sequenceCoverage="100" branchCoverage="100" maxCyclomaticComplexity="1" minCyclomaticComplexity="1" maxCrapScore="1" minCrapScore="1" visitedClasses="0" numClasses="0" visitedMethods="1" numMethods="1" />
              <MetadataToken>100663330</MetadataToken>
              <Name>System.Void DonaLaura.App.Tests.Features.Products.ProductServiceTests::ProductService_UpdateInvalidExpiration_ShouldFail()</Name>
              <FileRef uid="2" />
              <SequencePoints>
                <SequencePoint vc="1" uspid="161" ordinal="0" offset="0" sl="112" sc="9" el="112" ec="10" bec="0" bev="0" fileid="2" />
                <SequencePoint vc="1" uspid="162" ordinal="1" offset="1" sl="113" sc="13" el="113" ec="67" bec="0" bev="0" fileid="2" />
                <SequencePoint vc="1" uspid="163" ordinal="2" offset="12" sl="115" sc="13" el="115" ec="58" bec="0" bev="0" fileid="2" />
                <SequencePoint vc="1" uspid="164" ordinal="3" offset="25" sl="117" sc="13" el="117" ec="88" bec="0" bev="0" fileid="2" />
                <SequencePoint vc="1" uspid="165" ordinal="4" offset="47" sl="118" sc="9" el="118" ec="10" bec="0" bev="0" fileid="2" />
              </SequencePoints>
              <BranchPoints />
              <MethodPoint xsi:type="SequencePoint" vc="1" uspid="161" ordinal="0" offset="0" sl="112" sc="9" el="112" ec="10" bec="0" bev="0" fileid="2" />
            </Method>
            <Method visited="true" cyclomaticComplexity="1" nPathComplexity="0" sequenceCoverage="100" branchCoverage="100" crapScore="1" isConstructor="false" isStatic="false" isGetter="false" isSetter="false">
              <Summary numSequencePoints="7" visitedSequencePoints="7" numBranchPoints="1" visitedBranchPoints="1" sequenceCoverage="100" branchCoverage="100" maxCyclomaticComplexity="1" minCyclomaticComplexity="1" maxCrapScore="1" minCrapScore="1" visitedClasses="0" numClasses="0" visitedMethods="1" numMethods="1" />
              <MetadataToken>100663331</MetadataToken>
              <Name>System.Void DonaLaura.App.Tests.Features.Products.ProductServiceTests::ProductService_Get_ShouldBeOk()</Name>
              <FileRef uid="2" />
              <SequencePoints>
                <SequencePoint vc="1" uspid="166" ordinal="0" offset="0" sl="122" sc="9" el="122" ec="10" bec="0" bev="0" fileid="2" />
                <SequencePoint vc="1" uspid="167" ordinal="1" offset="1" sl="123" sc="13" el="123" ec="50" bec="0" bev="0" fileid="2" />
                <SequencePoint vc="1" uspid="168" ordinal="2" offset="12" sl="124" sc="13" el="124" ec="74" bec="0" bev="0" fileid="2" />
                <SequencePoint vc="1" uspid="169" ordinal="3" offset="152" sl="126" sc="13" el="126" ec="55" bec="0" bev="0" fileid="2" />
                <SequencePoint vc="1" uspid="170" ordinal="4" offset="175" sl="128" sc="13" el="128" ec="58" bec="0" bev="0" fileid="2" />
                <SequencePoint vc="1" uspid="171" ordinal="5" offset="218" sl="129" sc="13" el="129" ec="62" bec="0" bev="0" fileid="2" />
                <SequencePoint vc="1" uspid="172" ordinal="6" offset="261" sl="130" sc="9" el="130" ec="10" bec="0" bev="0" fileid="2" />
              </SequencePoints>
              <BranchPoints />
              <MethodPoint xsi:type="SequencePoint" vc="1" uspid="166" ordinal="0" offset="0" sl="122" sc="9" el="122" ec="10" bec="0" bev="0" fileid="2" />
            </Method>
            <Method visited="true" cyclomaticComplexity="1" nPathComplexity="0" sequenceCoverage="100" branchCoverage="100" crapScore="1" isConstructor="false" isStatic="false" isGetter="false" isSetter="false">
              <Summary numSequencePoints="6" visitedSequencePoints="6" numBranchPoints="1" visitedBranchPoints="1" sequenceCoverage="100" branchCoverage="100" maxCyclomaticComplexity="1" minCyclomaticComplexity="1" maxCrapScore="1" minCrapScore="1" visitedClasses="0" numClasses="0" visitedMethods="1" numMethods="1" />
              <MetadataToken>100663332</MetadataToken>
              <Name>System.Void DonaLaura.App.Tests.Features.Products.ProductServiceTests::ProductService_GetInvalidId_ShouldFail()</Name>
              <FileRef uid="2" />
              <SequencePoints>
                <SequencePoint vc="1" uspid="173" ordinal="0" offset="0" sl="134" sc="9" el="134" ec="10" bec="0" bev="0" fileid="2" />
                <SequencePoint vc="1" uspid="174" ordinal="1" offset="1" sl="135" sc="13" el="135" ec="59" bec="0" bev="0" fileid="2" />
                <SequencePoint vc="1" uspid="175" ordinal="2" offset="12" sl="137" sc="13" el="137" ec="55" bec="0" bev="0" fileid="2" />
                <SequencePoint vc="1" uspid="176" ordinal="3" offset="25" sl="139" sc="13" el="139" ec="54" bec="0" bev="0" fileid="2" />
                <SequencePoint vc="1" uspid="177" ordinal="4" offset="47" sl="140" sc="13" el="140" ec="46" bec="0" bev="0" fileid="2" />
                <SequencePoint vc="1" uspid="178" ordinal="5" offset="59" sl="141" sc="9" el="141" ec="10" bec="0" bev="0" fileid="2" />
              </SequencePoints>
              <BranchPoints />
              <MethodPoint xsi:type="SequencePoint" vc="1" uspid="173" ordinal="0" offset="0" sl="134" sc="9" el="134" ec="10" bec="0" bev="0" fileid="2" />
            </Method>
            <Method visited="true" cyclomaticComplexity="1" nPathComplexity="0" sequenceCoverage="100" branchCoverage="100" crapScore="1" isConstructor="false" isStatic="false" isGetter="false" isSetter="false">
              <Summary numSequencePoints="6" visitedSequencePoints="6" numBranchPoints="1" visitedBranchPoints="1" sequenceCoverage="100" branchCoverage="100" maxCyclomaticComplexity="1" minCyclomaticComplexity="1" maxCrapScore="1" minCrapScore="1" visitedClasses="0" numClasses="0" visitedMethods="1" numMethods="1" />
              <MetadataToken>100663333</MetadataToken>
              <Name>System.Void DonaLaura.App.Tests.Features.Products.ProductServiceTests::ProductService_Delete_ShouldBeOk()</Name>
              <FileRef uid="2" />
              <SequencePoints>
                <SequencePoint vc="1" uspid="179" ordinal="0" offset="0" sl="146" sc="9" el="146" ec="10" bec="0" bev="0" fileid="2" />
                <SequencePoint vc="1" uspid="180" ordinal="1" offset="1" sl="147" sc="13" el="147" ec="50" bec="0" bev="0" fileid="2" />
                <SequencePoint vc="1" uspid="181" ordinal="2" offset="12" sl="149" sc="13" el="149" ec="58" bec="0" bev="0" fileid="2" />
                <SequencePoint vc="1" uspid="182" ordinal="3" offset="25" sl="151" sc="13" el="151" ec="37" bec="0" bev="0" fileid="2" />
                <SequencePoint vc="1" uspid="183" ordinal="4" offset="47" sl="152" sc="13" el="152" ec="60" bec="0" bev="0" fileid="2" />
                <SequencePoint vc="1" uspid="184" ordinal="5" offset="176" sl="153" sc="9" el="153" ec="10" bec="0" bev="0" fileid="2" />
              </SequencePoints>
              <BranchPoints />
              <MethodPoint xsi:type="SequencePoint" vc="1" uspid="179" ordinal="0" offset="0" sl="146" sc="9" el="146" ec="10" bec="0" bev="0" fileid="2" />
            </Method>
            <Method visited="true" cyclomaticComplexity="1" nPathComplexity="0" sequenceCoverage="100" branchCoverage="100" crapScore="1" isConstructor="false" isStatic="false" isGetter="false" isSetter="false">
              <Summary numSequencePoints="6" visitedSequencePoints="6" numBranchPoints="1" visitedBranchPoints="1" sequenceCoverage="100" branchCoverage="100" maxCyclomaticComplexity="1" minCyclomaticComplexity="1" maxCrapScore="1" minCrapScore="1" visitedClasses="0" numClasses="0" visitedMethods="1" numMethods="1" />
              <MetadataToken>100663334</MetadataToken>
              <Name>System.Void DonaLaura.App.Tests.Features.Products.ProductServiceTests::ProductService_DeleteInvalidId_ShouldFail()</Name>
              <FileRef uid="2" />
              <SequencePoints>
                <SequencePoint vc="1" uspid="185" ordinal="0" offset="0" sl="157" sc="9" el="157" ec="10" bec="0" bev="0" fileid="2" />
                <SequencePoint vc="1" uspid="186" ordinal="1" offset="1" sl="158" sc="13" el="158" ec="59" bec="0" bev="0" fileid="2" />
                <SequencePoint vc="1" uspid="187" ordinal="2" offset="12" sl="160" sc="13" el="160" ec="58" bec="0" bev="0" fileid="2" />
                <SequencePoint vc="1" uspid="188" ordinal="3" offset="25" sl="162" sc="13" el="162" ec="54" bec="0" bev="0" fileid="2" />
                <SequencePoint vc="1" uspid="189" ordinal="4" offset="47" sl="163" sc="13" el="163" ec="46" bec="0" bev="0" fileid="2" />
                <SequencePoint vc="1" uspid="190" ordinal="5" offset="59" sl="164" sc="9" el="164" ec="10" bec="0" bev="0" fileid="2" />
              </SequencePoints>
              <BranchPoints />
              <MethodPoint xsi:type="SequencePoint" vc="1" uspid="185" ordinal="0" offset="0" sl="157" sc="9" el="157" ec="10" bec="0" bev="0" fileid="2" />
            </Method>
            <Method visited="true" cyclomaticComplexity="1" nPathComplexity="0" sequenceCoverage="100" branchCoverage="100" crapScore="1" isConstructor="false" isStatic="false" isGetter="false" isSetter="false">
              <Summary numSequencePoints="6" visitedSequencePoints="6" numBranchPoints="1" visitedBranchPoints="1" sequenceCoverage="100" branchCoverage="100" maxCyclomaticComplexity="1" minCyclomaticComplexity="1" maxCrapScore="1" minCrapScore="1" visitedClasses="0" numClasses="0" visitedMethods="1" numMethods="1" />
              <MetadataToken>100663335</MetadataToken>
              <Name>System.Void DonaLaura.App.Tests.Features.Products.ProductServiceTests::ProductService_GetAll_ShouldBeOk()</Name>
              <FileRef uid="2" />
              <SequencePoints>
                <SequencePoint vc="1" uspid="191" ordinal="0" offset="0" sl="168" sc="9" el="168" ec="10" bec="0" bev="0" fileid="2" />
                <SequencePoint vc="1" uspid="192" ordinal="1" offset="1" sl="169" sc="13" el="169" ec="58" bec="0" bev="0" fileid="2" />
                <SequencePoint vc="1" uspid="193" ordinal="2" offset="12" sl="170" sc="13" el="170" ec="70" bec="0" bev="0" fileid="2" />
                <SequencePoint vc="1" uspid="194" ordinal="3" offset="97" sl="172" sc="13" el="172" ec="54" bec="0" bev="0" fileid="2" />
                <SequencePoint vc="1" uspid="195" ordinal="4" offset="114" sl="174" sc="13" el="174" ec="68" bec="0" bev="0" fileid="2" />
                <SequencePoint vc="1" uspid="196" ordinal="5" offset="147" sl="175" sc="9" el="175" ec="10" bec="0" bev="0" fileid="2" />
              </SequencePoints>
              <BranchPoints />
              <MethodPoint xsi:type="SequencePoint" vc="1" uspid="191" ordinal="0" offset="0" sl="168" sc="9" el="168" ec="10" bec="0" bev="0" fileid="2" />
            </Method>
            <Method visited="true" cyclomaticComplexity="1" nPathComplexity="0" sequenceCoverage="100" branchCoverage="100" crapScore="1" isConstructor="false" isStatic="false" isGetter="false" isSetter="false">
              <Summary numSequencePoints="4" visitedSequencePoints="4" numBranchPoints="1" visitedBranchPoints="1" sequenceCoverage="100" branchCoverage="100" maxCyclomaticComplexity="1" minCyclomaticComplexity="1" maxCrapScore="1" minCrapScore="1" visitedClasses="0" numClasses="0" visitedMethods="1" numMethods="1" />
              <MetadataToken>100663336</MetadataToken>
              <Name>System.Void DonaLaura.App.Tests.Features.Products.ProductServiceTests::TearDown()</Name>
              <FileRef uid="2" />
              <SequencePoints>
                <SequencePoint vc="13" uspid="197" ordinal="0" offset="0" sl="179" sc="9" el="179" ec="10" bec="0" bev="0" fileid="2" />
                <SequencePoint vc="13" uspid="198" ordinal="1" offset="1" sl="180" sc="13" el="180" ec="29" bec="0" bev="0" fileid="2" />
                <SequencePoint vc="13" uspid="199" ordinal="2" offset="8" sl="181" sc="13" el="181" ec="29" bec="0" bev="0" fileid="2" />
                <SequencePoint vc="13" uspid="200" ordinal="3" offset="15" sl="182" sc="9" el="182" ec="10" bec="0" bev="0" fileid="2" />
              </SequencePoints>
              <BranchPoints />
              <MethodPoint xsi:type="SequencePoint" vc="13" uspid="197" ordinal="0" offset="0" sl="179" sc="9" el="179" ec="10" bec="0" bev="0" fileid="2" />
            </Method>
            <Method visited="false" cyclomaticComplexity="1" nPathComplexity="0" sequenceCoverage="0" branchCoverage="0" crapScore="2" isConstructor="true" isStatic="false" isGetter="false" isSetter="false">
              <Summary numSequencePoints="0" visitedSequencePoints="0" numBranchPoints="0" visitedBranchPoints="0" sequenceCoverage="0" branchCoverage="0" maxCyclomaticComplexity="1" minCyclomaticComplexity="1" maxCrapScore="2" minCrapScore="2" visitedClasses="0" numClasses="0" visitedMethods="0" numMethods="0" />
              <MetadataToken>100663337</MetadataToken>
              <Name>System.Void DonaLaura.App.Tests.Features.Products.ProductServiceTests::.ctor()</Name>
              <SequencePoints />
              <BranchPoints />
              <MethodPoint vc="0" uspid="201" ordinal="0" offset="0" />
            </Method>
            <Method visited="true" cyclomaticComplexity="1" nPathComplexity="0" sequenceCoverage="100" branchCoverage="100" crapScore="1" isConstructor="false" isStatic="false" isGetter="false" isSetter="false">
              <Summary numSequencePoints="1" visitedSequencePoints="1" numBranchPoints="1" visitedBranchPoints="1" sequenceCoverage="100" branchCoverage="100" maxCyclomaticComplexity="1" minCyclomaticComplexity="1" maxCrapScore="1" minCrapScore="1" visitedClasses="0" numClasses="0" visitedMethods="1" numMethods="1" />
              <MetadataToken>100663338</MetadataToken>
              <Name>System.Void DonaLaura.App.Tests.Features.Products.ProductServiceTests::&lt;ProductService_AddInvalidName_ShouldFail&gt;b__8_0()</Name>
              <FileRef uid="2" />
              <SequencePoints>
                <SequencePoint vc="1" uspid="202" ordinal="0" offset="0" sl="53" sc="32" el="53" ec="54" bec="0" bev="0" fileid="2" />
              </SequencePoints>
              <BranchPoints />
              <MethodPoint xsi:type="SequencePoint" vc="1" uspid="202" ordinal="0" offset="0" sl="53" sc="32" el="53" ec="54" bec="0" bev="0" fileid="2" />
            </Method>
            <Method visited="true" cyclomaticComplexity="1" nPathComplexity="0" sequenceCoverage="100" branchCoverage="100" crapScore="1" isConstructor="false" isStatic="false" isGetter="false" isSetter="false">
              <Summary numSequencePoints="1" visitedSequencePoints="1" numBranchPoints="1" visitedBranchPoints="1" sequenceCoverage="100" branchCoverage="100" maxCyclomaticComplexity="1" minCyclomaticComplexity="1" maxCrapScore="1" minCrapScore="1" visitedClasses="0" numClasses="0" visitedMethods="1" numMethods="1" />
              <MetadataToken>100663339</MetadataToken>
              <Name>System.Void DonaLaura.App.Tests.Features.Products.ProductServiceTests::&lt;ProductService_AddInvalidCostPrice_ShouldFail&gt;b__9_0()</Name>
              <FileRef uid="2" />
              <SequencePoints>
                <SequencePoint vc="1" uspid="203" ordinal="0" offset="0" sl="63" sc="32" el="63" ec="54" bec="0" bev="0" fileid="2" />
              </SequencePoints>
              <BranchPoints />
              <MethodPoint xsi:type="SequencePoint" vc="1" uspid="203" ordinal="0" offset="0" sl="63" sc="32" el="63" ec="54" bec="0" bev="0" fileid="2" />
            </Method>
            <Method visited="true" cyclomaticComplexity="1" nPathComplexity="0" sequenceCoverage="100" branchCoverage="100" crapScore="1" isConstructor="false" isStatic="false" isGetter="false" isSetter="false">
              <Summary numSequencePoints="1" visitedSequencePoints="1" numBranchPoints="1" visitedBranchPoints="1" sequenceCoverage="100" branchCoverage="100" maxCyclomaticComplexity="1" minCyclomaticComplexity="1" maxCrapScore="1" minCrapScore="1" visitedClasses="0" numClasses="0" visitedMethods="1" numMethods="1" />
              <MetadataToken>100663340</MetadataToken>
              <Name>System.Void DonaLaura.App.Tests.Features.Products.ProductServiceTests::&lt;ProductService_AddInvalidExpiration_ShouldFail&gt;b__10_0()</Name>
              <FileRef uid="2" />
              <SequencePoints>
                <SequencePoint vc="1" uspid="204" ordinal="0" offset="0" sl="73" sc="32" el="73" ec="54" bec="0" bev="0" fileid="2" />
              </SequencePoints>
              <BranchPoints />
              <MethodPoint xsi:type="SequencePoint" vc="1" uspid="204" ordinal="0" offset="0" sl="73" sc="32" el="73" ec="54" bec="0" bev="0" fileid="2" />
            </Method>
            <Method visited="true" cyclomaticComplexity="1" nPathComplexity="0" sequenceCoverage="100" branchCoverage="100" crapScore="1" isConstructor="false" isStatic="false" isGetter="false" isSetter="false">
              <Summary numSequencePoints="1" visitedSequencePoints="1" numBranchPoints="1" visitedBranchPoints="1" sequenceCoverage="100" branchCoverage="100" maxCyclomaticComplexity="1" minCyclomaticComplexity="1" maxCrapScore="1" minCrapScore="1" visitedClasses="0" numClasses="0" visitedMethods="1" numMethods="1" />
              <MetadataToken>100663341</MetadataToken>
              <Name>System.Void DonaLaura.App.Tests.Features.Products.ProductServiceTests::&lt;ProductService_UpdateInvalidName_ShouldFail&gt;b__12_0()</Name>
              <FileRef uid="2" />
              <SequencePoints>
                <SequencePoint vc="1" uspid="205" ordinal="0" offset="0" sl="95" sc="32" el="95" ec="57" bec="0" bev="0" fileid="2" />
              </SequencePoints>
              <BranchPoints />
              <MethodPoint xsi:type="SequencePoint" vc="1" uspid="205" ordinal="0" offset="0" sl="95" sc="32" el="95" ec="57" bec="0" bev="0" fileid="2" />
            </Method>
            <Method visited="true" cyclomaticComplexity="1" nPathComplexity="0" sequenceCoverage="100" branchCoverage="100" crapScore="1" isConstructor="false" isStatic="false" isGetter="false" isSetter="false">
              <Summary numSequencePoints="1" visitedSequencePoints="1" numBranchPoints="1" visitedBranchPoints="1" sequenceCoverage="100" branchCoverage="100" maxCyclomaticComplexity="1" minCyclomaticComplexity="1" maxCrapScore="1" minCrapScore="1" visitedClasses="0" numClasses="0" visitedMethods="1" numMethods="1" />
              <MetadataToken>100663342</MetadataToken>
              <Name>System.Void DonaLaura.App.Tests.Features.Products.ProductServiceTests::&lt;ProductService_UpdateInvalidCostPrice_ShouldFail&gt;b__13_0()</Name>
              <FileRef uid="2" />
              <SequencePoints>
                <SequencePoint vc="1" uspid="206" ordinal="0" offset="0" sl="105" sc="32" el="105" ec="57" bec="0" bev="0" fileid="2" />
              </SequencePoints>
              <BranchPoints />
[...]
              <Summary numSequencePoints="0" visitedSequencePoints="0" numBranchPoints="0" visitedBranchPoints="0" sequenceCoverage="0" branchCoverage="0" maxCyclomaticComplexity="1" minCyclomaticComplexity="1" maxCrapScore="2" minCrapScore="2" visitedClasses="0" numClasses="0" visitedMethods="0" numMethods="0" />
              <MetadataToken>100663306</MetadataToken>
              <Name>System.Void DonaLaura.Infra.Data.Features.Products.ProductRepository/&lt;&gt;c::.ctor()</Name>
              <SequencePoints />
              <BranchPoints />
              <MethodPoint vc="0" uspid="692" ordinal="0" offset="0" />
            </Method>
            <Method visited="true" cyclomaticComplexity="1" nPathComplexity="0" sequenceCoverage="100" branchCoverage="100" crapScore="1" isConstructor="false" isStatic="false" isGetter="false" isSetter="false">
              <Summary numSequencePoints="1" visitedSequencePoints="1" numBranchPoints="1" visitedBranchPoints="1" sequenceCoverage="100" branchCoverage="100" maxCyclomaticComplexity="1" minCyclomaticComplexity="1" maxCrapScore="1" minCrapScore="1" visitedClasses="0" numClasses="0" visitedMethods="1" numMethods="1" />
              <MetadataToken>100663307</MetadataToken>
              <Name>DonaLaura.Domain.Features.Products.Product DonaLaura.Infra.Data.Features.Products.ProductRepository/&lt;&gt;c::&lt;.cctor&gt;b__13_0(System.Data.IDataReader)</Name>
              <FileRef uid="79" />
              <SequencePoints>
                <SequencePoint vc="5" uspid="693" ordinal="0" offset="0" sl="74" sc="13" el="83" ec="14" bec="0" bev="0" fileid="79" />
              </SequencePoints>
              <BranchPoints />
              <MethodPoint xsi:type="SequencePoint" vc="5" uspid="693" ordinal="0" offset="0" sl="74" sc="13" el="83" ec="14" bec="0" bev="0" fileid="79" />
            </Method>
          </Methods>
        </Class>
      </Classes>
    </Module>
    <Module hash="56-A3-1C-18-56-71-39-1D-DC-6F-D0-07-0A-31-BD-51-BF-E5-39-89">
      <Summary numSequencePoints="6" visitedSequencePoints="6" numBranchPoints="2" visitedBranchPoints="2" sequenceCoverage="100" branchCoverage="100" maxCyclomaticComplexity="1" minCyclomaticComplexity="1" maxCrapScore="1" minCrapScore="1" visitedClasses="1" numClasses="1" visitedMethods="2" numMethods="2" />
      <ModulePath>C:\Users\Bruni\Desktop\Recuperacao\DonaLaura\DonaLaura.Infra.Data.Testes\bin\Debug\DonaLaura.Infra.dll</ModulePath>
      <ModuleTime>2018-05-15T18:42:16.5283335Z</ModuleTime>
      <ModuleName>DonaLaura.Infra</ModuleName>
      <Files>
        <File uid="84" fullPath="C:\Users\Bruni\Desktop\Recuperacao\DonaLaura\DonaLaura.Infra\Base\ExtensionSql.cs" />
      </Files>
      <Classes>
        <Class>
          <Summary numSequencePoints="6" visitedSequencePoints="6" numBranchPoints="2" visitedBranchPoints="2" sequenceCoverage="100" branchCoverage="100" maxCyclomaticComplexity="1" minCyclomaticComplexity="1" maxCrapScore="1" minCrapScore="1" visitedClasses="1" numClasses="1" visitedMethods="2" numMethods="2" />
          <FullName>DonaLaura.Infra.Base.ExtensionSql</FullName>
          <Methods>
            <Method visited="true" cyclomaticComplexity="1" nPathComplexity="0" sequenceCoverage="100" branchCoverage="100" crapScore="1" isConstructor="false" isStatic="true" isGetter="false" isSetter="false">
              <Summary numSequencePoints="4" visitedSequencePoints="4" numBranchPoints="1" visitedBranchPoints="1" sequenceCoverage="100" branchCoverage="100" maxCyclomaticComplexity="1" minCyclomaticComplexity="1" maxCrapScore="1" minCrapScore="1" visitedClasses="0" numClasses="0" visitedMethods="1" numMethods="1" />
              <MetadataToken>100663307</MetadataToken>
              <Name>System.Void DonaLaura.Infra.Base.ExtensionSql::SeedDb()</Name>
              <FileRef uid="84" />
              <SequencePoints>
                <SequencePoint vc="12" uspid="694" ordinal="0" offset="0" sl="15" sc="9" el="15" ec="10" bec="0" bev="0" fileid="84" />
                <SequencePoint vc="12" uspid="695" ordinal="1" offset="1" sl="16" sc="13" el="16" ec="33" bec="0" bev="0" fileid="84" />
                <SequencePoint vc="12" uspid="696" ordinal="2" offset="13" sl="17" sc="13" el="17" ec="28" bec="0" bev="0" fileid="84" />
                <SequencePoint vc="12" uspid="697" ordinal="3" offset="25" sl="18" sc="9" el="18" ec="10" bec="0" bev="0" fileid="84" />
              </SequencePoints>
              <BranchPoints />
              <MethodPoint xsi:type="SequencePoint" vc="12" uspid="694" ordinal="0" offset="0" sl="15" sc="9" el="15" ec="10" bec="0" bev="0" fileid="84" />
            </Method>
            <Method visited="true" cyclomaticComplexity="1" nPathComplexity="0" sequenceCoverage="100" branchCoverage="100" crapScore="1" isConstructor="true" isStatic="true" isGetter="false" isSetter="false">
              <Summary numSequencePoints="2" visitedSequencePoints="2" numBranchPoints="1" visitedBranchPoints="1" sequenceCoverage="100" branchCoverage="100" maxCyclomaticComplexity="1" minCyclomaticComplexity="1" maxCrapScore="1" minCrapScore="1" visitedClasses="0" numClasses="0" visitedMethods="1" numMethods="1" />
              <MetadataToken>100663308</MetadataToken>
              <Name>System.Void DonaLaura.Infra.Base.ExtensionSql::.cctor()</Name>
              <FileRef uid="84" />
              <SequencePoints>
                <SequencePoint vc="2" uspid="698" ordinal="0" offset="0" sl="11" sc="9" el="11" ec="69" bec="0" bev="0" fileid="84" />
                <SequencePoint vc="2" uspid="699" ordinal="1" offset="10" sl="12" sc="9" el="12" ec="194" bec="0" bev="0" fileid="84" />
              </SequencePoints>
              <BranchPoints />
              <MethodPoint xsi:type="SequencePoint" vc="2" uspid="698" ordinal="0" offset="0" sl="11" sc="9" el="11" ec="69" bec="0" bev="0" fileid="84" />
            </Method>
          </Methods>
        </Class>
      </Classes>
    </Module>
    <Module hash="CE-85-C9-D6-62-84-C0-5F-A9-15-78-8A-AA-45-AB-A2-02-8B-3B-68">
      <Summary numSequencePoints="41" visitedSequencePoints="41" numBranchPoints="6" visitedBranchPoints="6" sequenceCoverage="100" branchCoverage="100" maxCyclomaticComplexity="1" minCyclomaticComplexity="1" maxCrapScore="2" minCrapScore="1" visitedClasses="1" numClasses="1" visitedMethods="6" numMethods="6" />
      <ModulePath>C:\Users\Bruni\Desktop\Recuperacao\DonaLaura\DonaLaura.Integration.Tests\bin\Debug\DonaLaura.Integration.Tests.dll</ModulePath>
      <ModuleTime>2018-05-16T01:30:04.185961Z</ModuleTime>
      <ModuleName>DonaLaura.Integration.Tests</ModuleName>
      <Files>
        <File uid="89" fullPath="C:\Users\Bruni\Desktop\Recuperacao\DonaLaura\DonaLaura.Integration.Tests\ProductIntegrationTests.cs" />
      </Files>
      <Classes>
        <Class>
          <Summary numSequencePoints="41" visitedSequencePoints="41" numBranchPoints="6" visitedBranchPoints="6" sequenceCoverage="100" branchCoverage="100" maxCyclomaticComplexity="1" minCyclomaticComplexity="1" maxCrapScore="2" minCrapScore="1" visitedClasses="1" numClasses="1" visitedMethods="6" numMethods="6" />
          <FullName>DonaLaura.Integration.Tests.ProductIntegrationTests</FullName>
          <Methods>
            <Method visited="true" cyclomaticComplexity="1" nPathComplexity="0" sequenceCoverage="100" branchCoverage="100" crapScore="1" isConstructor="false" isStatic="false" isGetter="false" isSetter="false">
              <Summary numSequencePoints="8" visitedSequencePoints="8" numBranchPoints="1" visitedBranchPoints="1" sequenceCoverage="100" branchCoverage="100" maxCyclomaticComplexity="1" minCyclomaticComplexity="1" maxCrapScore="1" minCrapScore="1" visitedClasses="0" numClasses="0" visitedMethods="1" numMethods="1" />
              <MetadataToken>100663297</MetadataToken>
              <Name>System.Void DonaLaura.Integration.Tests.ProductIntegrationTests::SetUp()</Name>
              <FileRef uid="89" />
              <SequencePoints>
                <SequencePoint vc="4" uspid="739" ordinal="0" offset="0" sl="27" sc="9" el="27" ec="10" bec="0" bev="0" fileid="89" />
                <SequencePoint vc="4" uspid="740" ordinal="1" offset="1" sl="28" sc="13" el="28" ec="51" bec="0" bev="0" fileid="89" />
                <SequencePoint vc="4" uspid="741" ordinal="2" offset="12" sl="29" sc="13" el="29" ec="56" bec="0" bev="0" fileid="89" />
                <SequencePoint vc="4" uspid="742" ordinal="3" offset="29" sl="30" sc="13" el="30" ec="38" bec="0" bev="0" fileid="89" />
                <SequencePoint vc="4" uspid="743" ordinal="4" offset="40" sl="31" sc="13" el="31" ec="46" bec="0" bev="0" fileid="89" />
                <SequencePoint vc="4" uspid="744" ordinal="5" offset="51" sl="32" sc="13" el="32" ec="56" bec="0" bev="0" fileid="89" />
                <SequencePoint vc="4" uspid="745" ordinal="6" offset="62" sl="33" sc="13" el="33" ec="35" bec="0" bev="0" fileid="89" />
                <SequencePoint vc="4" uspid="746" ordinal="7" offset="68" sl="34" sc="9" el="34" ec="10" bec="0" bev="0" fileid="89" />
              </SequencePoints>
              <BranchPoints />
              <MethodPoint xsi:type="SequencePoint" vc="4" uspid="739" ordinal="0" offset="0" sl="27" sc="9" el="27" ec="10" bec="0" bev="0" fileid="89" />
            </Method>
            <Method visited="true" cyclomaticComplexity="1" nPathComplexity="0" sequenceCoverage="100" branchCoverage="100" crapScore="1" isConstructor="false" isStatic="false" isGetter="false" isSetter="false">
              <Summary numSequencePoints="6" visitedSequencePoints="6" numBranchPoints="1" visitedBranchPoints="1" sequenceCoverage="100" branchCoverage="100" maxCyclomaticComplexity="1" minCyclomaticComplexity="1" maxCrapScore="1" minCrapScore="1" visitedClasses="0" numClasses="0" visitedMethods="1" numMethods="1" />
              <MetadataToken>100663298</MetadataToken>
              <Name>System.Void DonaLaura.Integration.Tests.ProductIntegrationTests::ProductInegration_Add_ShouldBeOk()</Name>
              <FileRef uid="89" />
              <SequencePoints>
                <SequencePoint vc="1" uspid="747" ordinal="0" offset="0" sl="38" sc="9" el="38" ec="10" bec="0" bev="0" fileid="89" />
                <SequencePoint vc="1" uspid="748" ordinal="1" offset="1" sl="39" sc="13" el="39" ec="53" bec="0" bev="0" fileid="89" />
                <SequencePoint vc="1" uspid="749" ordinal="2" offset="12" sl="41" sc="13" el="41" ec="55" bec="0" bev="0" fileid="89" />
                <SequencePoint vc="1" uspid="750" ordinal="3" offset="35" sl="43" sc="13" el="43" ec="51" bec="0" bev="0" fileid="89" />
                <SequencePoint vc="1" uspid="751" ordinal="4" offset="62" sl="44" sc="13" el="44" ec="62" bec="0" bev="0" fileid="89" />
                <SequencePoint vc="1" uspid="752" ordinal="5" offset="105" sl="45" sc="9" el="45" ec="10" bec="0" bev="0" fileid="89" />
              </SequencePoints>
              <BranchPoints />
              <MethodPoint xsi:type="SequencePoint" vc="1" uspid="747" ordinal="0" offset="0" sl="38" sc="9" el="38" ec="10" bec="0" bev="0" fileid="89" />
            </Method>
            <Method visited="true" cyclomaticComplexity="1" nPathComplexity="0" sequenceCoverage="100" branchCoverage="100" crapScore="1" isConstructor="false" isStatic="false" isGetter="false" isSetter="false">
              <Summary numSequencePoints="8" visitedSequencePoints="8" numBranchPoints="1" visitedBranchPoints="1" sequenceCoverage="100" branchCoverage="100" maxCyclomaticComplexity="1" minCyclomaticComplexity="1" maxCrapScore="1" minCrapScore="1" visitedClasses="0" numClasses="0" visitedMethods="1" numMethods="1" />
              <MetadataToken>100663299</MetadataToken>
              <Name>System.Void DonaLaura.Integration.Tests.ProductIntegrationTests::ProductIntegration_Get_ShouldBeOK()</Name>
              <FileRef uid="89" />
              <SequencePoints>
                <SequencePoint vc="1" uspid="753" ordinal="0" offset="0" sl="49" sc="9" el="49" ec="10" bec="0" bev="0" fileid="89" />
                <SequencePoint vc="1" uspid="754" ordinal="1" offset="1" sl="50" sc="13" el="50" ec="53" bec="0" bev="0" fileid="89" />
                <SequencePoint vc="1" uspid="755" ordinal="2" offset="12" sl="51" sc="13" el="51" ec="29" bec="0" bev="0" fileid="89" />
                <SequencePoint vc="1" uspid="756" ordinal="3" offset="26" sl="53" sc="13" el="53" ec="55" bec="0" bev="0" fileid="89" />
                <SequencePoint vc="1" uspid="757" ordinal="4" offset="49" sl="55" sc="13" el="55" ec="51" bec="0" bev="0" fileid="89" />
                <SequencePoint vc="1" uspid="758" ordinal="5" offset="76" sl="56" sc="13" el="56" ec="58" bec="0" bev="0" fileid="89" />
                <SequencePoint vc="1" uspid="759" ordinal="6" offset="119" sl="57" sc="13" el="57" ec="62" bec="0" bev="0" fileid="89" />
                <SequencePoint vc="1" uspid="760" ordinal="7" offset="162" sl="58" sc="9" el="58" ec="10" bec="0" bev="0" fileid="89" />
              </SequencePoints>
              <BranchPoints />
              <MethodPoint xsi:type="SequencePoint" vc="1" uspid="753" ordinal="0" offset="0" sl="49" sc="9" el="49" ec="10" bec="0" bev="0" fileid="89" />
            </Method>
            <Method visited="true" cyclomaticComplexity="1" nPathComplexity="0" sequenceCoverage="100" branchCoverage="100" crapScore="1" isConstructor="false" isStatic="false" isGetter="false" isSetter="false">
              <Summary numSequencePoints="5" visitedSequencePoints="5" numBranchPoints="1" visitedBranchPoints="1" sequenceCoverage="100" branchCoverage="100" maxCyclomaticComplexity="1" minCyclomaticComplexity="1" maxCrapScore="1" minCrapScore="1" visitedClasses="0" numClasses="0" visitedMethods="1" numMethods="1" />
              <MetadataToken>100663300</MetadataToken>
              <Name>System.Void DonaLaura.Integration.Tests.ProductIntegrationTests::ProductIntegration_GetAll_ShouldBeOk()</Name>
              <FileRef uid="89" />
              <SequencePoints>
                <SequencePoint vc="1" uspid="761" ordinal="0" offset="0" sl="62" sc="9" el="62" ec="10" bec="0" bev="0" fileid="89" />
                <SequencePoint vc="1" uspid="762" ordinal="1" offset="1" sl="63" sc="13" el="63" ec="54" bec="0" bev="0" fileid="89" />
                <SequencePoint vc="1" uspid="763" ordinal="2" offset="18" sl="65" sc="13" el="65" ec="55" bec="0" bev="0" fileid="89" />
                <SequencePoint vc="1" uspid="764" ordinal="3" offset="45" sl="66" sc="13" el="66" ec="68" bec="0" bev="0" fileid="89" />
                <SequencePoint vc="1" uspid="765" ordinal="4" offset="78" sl="67" sc="9" el="67" ec="10" bec="0" bev="0" fileid="89" />
              </SequencePoints>
              <BranchPoints />
              <MethodPoint xsi:type="SequencePoint" vc="1" uspid="761" ordinal="0" offset="0" sl="62" sc="9" el="62" ec="10" bec="0" bev="0" fileid="89" />
            </Method>
            <Method visited="true" cyclomaticComplexity="1" nPathComplexity="0" sequenceCoverage="100" branchCoverage="100" crapScore="1" isConstructor="false" isStatic="false" isGetter="false" isSetter="false">
              <Summary numSequencePoints="7" visitedSequencePoints="7" numBranchPoints="1" visitedBranchPoints="1" sequenceCoverage="100" branchCoverage="100" maxCyclomaticComplexity="1" minCyclomaticComplexity="1" maxCrapScore="1" minCrapScore="1" visitedClasses="0" numClasses="0" visitedMethods="1" numMethods="1" />
              <MetadataToken>100663301</MetadataToken>
              <Name>System.Void DonaLaura.Integration.Tests.ProductIntegrationTests::ProductIntegration_Delete_ShouldBeOk()</Name>
              <FileRef uid="89" />
              <SequencePoints>
                <SequencePoint vc="1" uspid="766" ordinal="0" offset="0" sl="71" sc="9" el="71" ec="10" bec="0" bev="0" fileid="89" />
                <SequencePoint vc="1" uspid="767" ordinal="1" offset="1" sl="72" sc="13" el="72" ec="53" bec="0" bev="0" fileid="89" />
                <SequencePoint vc="1" uspid="768" ordinal="2" offset="12" sl="73" sc="13" el="73" ec="29" bec="0" bev="0" fileid="89" />
                <SequencePoint vc="1" uspid="769" ordinal="3" offset="26" sl="75" sc="13" el="75" ec="39" bec="0" bev="0" fileid="89" />
                <SequencePoint vc="1" uspid="770" ordinal="4" offset="44" sl="76" sc="13" el="76" ec="55" bec="0" bev="0" fileid="89" />
                <SequencePoint vc="1" uspid="771" ordinal="5" offset="67" sl="78" sc="13" el="78" ec="48" bec="0" bev="0" fileid="89" />
                <SequencePoint vc="1" uspid="772" ordinal="6" offset="94" sl="79" sc="9" el="79" ec="10" bec="0" bev="0" fileid="89" />
              </SequencePoints>
              <BranchPoints />
              <MethodPoint xsi:type="SequencePoint" vc="1" uspid="766" ordinal="0" offset="0" sl="71" sc="9" el="71" ec="10" bec="0" bev="0" fileid="89" />
            </Method>
            <Method visited="true" cyclomaticComplexity="1" nPathComplexity="0" sequenceCoverage="100" branchCoverage="100" crapScore="1" isConstructor="false" isStatic="false" isGetter="false" isSetter="false">
              <Summary numSequencePoints="7" visitedSequencePoints="7" numBranchPoints="1" visitedBranchPoints="1" sequenceCoverage="100" branchCoverage="100" maxCyclomaticComplexity="1" minCyclomaticComplexity="1" maxCrapScore="1" minCrapScore="1" visitedClasses="0" numClasses="0" visitedMethods="1" numMethods="1" />
              <MetadataToken>100663302</MetadataToken>
              <Name>System.Void DonaLaura.Integration.Tests.ProductIntegrationTests::TearDown()</Name>
              <FileRef uid="89" />
              <SequencePoints>
                <SequencePoint vc="4" uspid="773" ordinal="0" offset="0" sl="83" sc="9" el="83" ec="10" bec="0" bev="0" fileid="89" />
                <SequencePoint vc="4" uspid="774" ordinal="1" offset="1" sl="84" sc="13" el="84" ec="32" bec="0" bev="0" fileid="89" />
                <SequencePoint vc="4" uspid="775" ordinal="2" offset="8" sl="85" sc="13" el="85" ec="29" bec="0" bev="0" fileid="89" />
                <SequencePoint vc="4" uspid="776" ordinal="3" offset="15" sl="86" sc="13" el="86" ec="29" bec="0" bev="0" fileid="89" />
                <SequencePoint vc="4" uspid="777" ordinal="4" offset="22" sl="87" sc="13" el="87" ec="37" bec="0" bev="0" fileid="89" />
                <SequencePoint vc="4" uspid="778" ordinal="5" offset="29" sl="88" sc="13" el="88" ec="41" bec="0" bev="0" fileid="89" />
                <SequencePoint vc="4" uspid="779" ordinal="6" offset="36" sl="89" sc="9" el="89" ec="10" bec="0" bev="0" fileid="89" />
              </SequencePoints>
              <BranchPoints />
              <MethodPoint xsi:type="SequencePoint" vc="4" uspid="773" ordinal="0" offset="0" sl="83" sc="9" el="83" ec="10" bec="0" bev="0" fileid="89" />
            </Method>
            <Method visited="false" cyclomaticComplexity="1" nPathComplexity="0" sequenceCoverage="0" branchCoverage="0" crapScore="2" isConstructor="true" isStatic="false" isGetter="false" isSetter="false">
              <Summary numSequencePoints="0" visitedSequencePoints="0" numBranchPoints="0" visitedBranchPoints="0" sequenceCoverage="0" branchCoverage="0" maxCyclomaticComplexity="1" minCyclomaticComplexity="1" maxCrapScore="2" minCrapScore="2" visitedClasses="0" numClasses="0" visitedMethods="0" numMethods="0" />
              <MetadataToken>100663303</MetadataToken>
              <Name>System.Void DonaLaura.Integration.Tests.ProductIntegrationTests::.ctor()</Name>
              <SequencePoints />
              <BranchPoints />
              <MethodPoint vc="0" uspid="780" ordinal="0" offset="0" />
            </Method>
          </Methods>
        </Class>
      </Classes>
    </Module>
  </Modules>
</CoverageSession>